<?xml version="1.0" encoding="UTF-8"?>
<testsuite name="com.kdb.it.architecture.ApiResponseOpenApiContractTest" tests="12" skipped="0" failures="0" errors="0" timestamp="2026-09-15T10:14:48.469Z" hostname="DESKTOP-UQFLPC0" time="4.491">
  <properties/>
  <testcase name="boardResponsesExposeRequiredNullableAndEnumContracts()" classname="com.kdb.it.architecture.ApiResponseOpenApiContractTest" time="0.647"/>
  <testcase name="costResponsesExposeRequiredNullableAndEnumContracts()" classname="com.kdb.it.architecture.ApiResponseOpenApiContractTest" time="0.658"/>
  <testcase name="itBudgetV3SnapshotSchemasExposeExactRequiredAndNullableContracts()" classname="com.kdb.it.architecture.ApiResponseOpenApiContractTest" time="0.608"/>
  <testcase name="councilResponsesExposeRequiredNullableAndEnumContracts()" classname="com.kdb.it.architecture.ApiResponseOpenApiContractTest" time="0.333"/>
  <testcase name="itBudgetApprovalSchemasExposeRequiredFieldsAndStableEnums()" classname="com.kdb.it.architecture.ApiResponseOpenApiContractTest" time="0.999"/>
  <testcase name="notificationAndTiptapResponsesExposeRequiredNullableAndEnumContracts()" classname="com.kdb.it.architecture.ApiResponseOpenApiContractTest" time="0.052"/>
  <testcase name="documentAndApprovalResponsesExposeRequiredAndNullableContracts()" classname="com.kdb.it.architecture.ApiResponseOpenApiContractTest" time="0.112"/>
  <testcase name="projectResponseExposesAmountContracts()" classname="com.kdb.it.architecture.ApiResponseOpenApiContractTest" time="0.056"/>
  <testcase name="authAndBizplanResponsesExposeRequiredAndNullableContracts()" classname="com.kdb.it.architecture.ApiResponseOpenApiContractTest" time="0.041"/>
  <testcase name="itBudgetPreviewAndSubmissionPathsExposeTypedRequestsResponsesAndMfaErrors()" classname="com.kdb.it.architecture.ApiResponseOpenApiContractTest" time="0.654"/>
  <testcase name="budgetResponsesExposeRequiredAndNullableContracts()" classname="com.kdb.it.architecture.ApiResponseOpenApiContractTest" time="0.225"/>
  <testcase name="executionDocumentResponsesExposeRequiredAndNullableContracts()" classname="com.kdb.it.architecture.ApiResponseOpenApiContractTest" time="0.079"/>
  <system-out><![CDATA[
  .   ____          _            __ _ _
 /\\ / ___'_ __ _ _(_)_ __  __ _ \ \ \ \
( ( )\___ | '_ | '_| | '_ \/ _` | \ \ \ \
 \\/  ___)| |_)| | | | | || (_| |  ) ) ) )
  '  |____| .__|_| |_|_| |_\__, | / / / /
 =========|_|==============|___/=/_/_/_/

 :: Spring Boot ::                (v4.1.0)

2026-09-15T19:14:40.076+09:00  INFO 37412 --- [it] [    Test worker] c.k.i.a.ApiResponseOpenApiContractTest   : Starting ApiResponseOpenApiContractTest using Java 25.0.2 with PID 37412 (started by KDB in C:\it\it_backend)
2026-09-15T19:14:40.085+09:00  INFO 37412 --- [it] [    Test worker] c.k.i.a.ApiResponseOpenApiContractTest   : The following 1 profile is active: "test"
2026-09-15T19:14:47.666+09:00  WARN 37412 --- [it] [    Test worker] .s.a.UserDetailsServiceAutoConfiguration : 

Using generated security password: c484dd5f-5dd9-40e3-be75-e260eafe7a1e

This generated password is for development use only. Your security configuration must be updated before running your application in production.

2026-09-15T19:14:47.720+09:00  INFO 37412 --- [it] [    Test worker] r$InitializeUserDetailsManagerConfigurer : Global AuthenticationManager configured with UserDetailsService bean with name inMemoryUserDetailsManager
2026-09-15T19:14:48.017+09:00  INFO 37412 --- [it] [    Test worker] o.s.b.a.e.web.EndpointLinksResolver      : Exposing 2 endpoints beneath base path '/actuator'
2026-09-15T19:14:48.106+09:00  INFO 37412 --- [it] [    Test worker] o.s.b.t.m.w.SpringBootMockServletContext : Initializing Spring TestDispatcherServlet ''
2026-09-15T19:14:48.107+09:00  INFO 37412 --- [it] [    Test worker] o.s.t.web.servlet.TestDispatcherServlet  : Initializing Servlet ''
2026-09-15T19:14:48.111+09:00  INFO 37412 --- [it] [    Test worker] o.s.t.web.servlet.TestDispatcherServlet  : Completed initialization in 3 ms
2026-09-15T19:14:48.366+09:00  INFO 37412 --- [it] [    Test worker] c.k.i.a.ApiResponseOpenApiContractTest   : Started ApiResponseOpenApiContractTest in 9.128 seconds (process running for 24.36)
2026-09-15T19:14:48.450+09:00  WARN 37412 --- [it] [    Test worker] o.s.core.events.SpringDocAppInitializer  : SpringDoc /v3/api-docs endpoint is enabled by default. To disable it in production, set the property 'springdoc.api-docs.enabled=false'
2026-09-15T19:14:48.450+09:00  WARN 37412 --- [it] [    Test worker] o.s.core.events.SpringDocAppInitializer  : SpringDoc /swagger-ui.html endpoint is enabled by default. To disable it in production, set the property 'springdoc.swagger-ui.enabled=false'
2026-09-15T19:14:52.583+09:00  INFO 37412 --- [it] [    Test worker] o.springdoc.api.AbstractOpenApiResource  : Init duration for springdoc-openapi is: 473 ms
]]></system-out>
  <system-err><![CDATA[Mockito is currently self-attaching to enable the inline-mock-maker. This will no longer work in future releases of the JDK. Please add Mockito as an agent to your build as described in Mockito's documentation: https://javadoc.io/doc/org.mockito/mockito-core/latest/org.mockito/org/mockito/Mockito.html#0.3
WARNING: A Java agent has been loaded dynamically (C:\maven-repo\net\bytebuddy\byte-buddy-agent\1.18.10\byte-buddy-agent-1.18.10.jar)
WARNING: If a serviceability tool is in use, please run with -XX:+EnableDynamicAgentLoading to hide this warning
WARNING: If a serviceability tool is not in use, please run with -Djdk.instrument.traceUsage for more information
WARNING: Dynamic loading of agents will be disallowed by default in a future release
]]></system-err>
</testsuite>
