<?xml version="1.0" encoding="UTF-8"?>
<testsuite name="com.kdb.it.common.approval.itbudget.controller.ItBudgetPreviewOpenApiContractTest" tests="1" skipped="0" failures="0" errors="0" timestamp="2026-09-15T10:14:54.106Z" hostname="DESKTOP-UQFLPC0" time="0.384">
  <properties/>
  <testcase name="previewPathUsesStableRequestResponseAndErrorSchemas()" classname="com.kdb.it.common.approval.itbudget.controller.ItBudgetPreviewOpenApiContractTest" time="0.384"/>
  <system-out><![CDATA[
  .   ____          _            __ _ _
 /\\ / ___'_ __ _ _(_)_ __  __ _ \ \ \ \
( ( )\___ | '_ | '_| | '_ \/ _` | \ \ \ \
 \\/  ___)| |_)| | | | | || (_| |  ) ) ) )
  '  |____| .__|_| |_|_| |_\__, | / / / /
 =========|_|==============|___/=/_/_/_/

 :: Spring Boot ::                (v4.1.0)

2026-09-15T19:14:53.181+09:00  INFO 37412 --- [it] [    Test worker] a.i.c.ItBudgetPreviewOpenApiContractTest : Starting ItBudgetPreviewOpenApiContractTest using Java 25.0.2 with PID 37412 (started by KDB in C:\it\it_backend)
2026-09-15T19:14:53.181+09:00  INFO 37412 --- [it] [    Test worker] a.i.c.ItBudgetPreviewOpenApiContractTest : The following 1 profile is active: "test"
2026-09-15T19:14:54.018+09:00  WARN 37412 --- [it] [    Test worker] .s.a.UserDetailsServiceAutoConfiguration : 

Using generated security password: 190f438e-6e7e-4a67-be4d-43e28f88f5ca

This generated password is for development use only. Your security configuration must be updated before running your application in production.

2026-09-15T19:14:54.026+09:00  INFO 37412 --- [it] [    Test worker] r$InitializeUserDetailsManagerConfigurer : Global AuthenticationManager configured with UserDetailsService bean with name inMemoryUserDetailsManager
2026-09-15T19:14:54.054+09:00  INFO 37412 --- [it] [    Test worker] o.s.b.a.e.web.EndpointLinksResolver      : Exposing 2 endpoints beneath base path '/actuator'
2026-09-15T19:14:54.059+09:00  INFO 37412 --- [it] [    Test worker] o.s.b.t.m.w.SpringBootMockServletContext : Initializing Spring TestDispatcherServlet ''
2026-09-15T19:14:54.061+09:00  INFO 37412 --- [it] [    Test worker] o.s.t.web.servlet.TestDispatcherServlet  : Initializing Servlet ''
2026-09-15T19:14:54.063+09:00  INFO 37412 --- [it] [    Test worker] o.s.t.web.servlet.TestDispatcherServlet  : Completed initialization in 2 ms
2026-09-15T19:14:54.100+09:00  INFO 37412 --- [it] [    Test worker] a.i.c.ItBudgetPreviewOpenApiContractTest : Started ItBudgetPreviewOpenApiContractTest in 1.106 seconds (process running for 30.094)
2026-09-15T19:14:54.102+09:00  WARN 37412 --- [it] [    Test worker] o.s.core.events.SpringDocAppInitializer  : SpringDoc /v3/api-docs endpoint is enabled by default. To disable it in production, set the property 'springdoc.api-docs.enabled=false'
2026-09-15T19:14:54.103+09:00  WARN 37412 --- [it] [    Test worker] o.s.core.events.SpringDocAppInitializer  : SpringDoc /swagger-ui.html endpoint is enabled by default. To disable it in production, set the property 'springdoc.swagger-ui.enabled=false'
2026-09-15T19:14:54.478+09:00  INFO 37412 --- [it] [    Test worker] o.springdoc.api.AbstractOpenApiResource  : Init duration for springdoc-openapi is: 365 ms
]]></system-out>
  <system-err><![CDATA[]]></system-err>
</testsuite>
