{"numTotalTestSuites":157,"numPassedTestSuites":157,"numFailedTestSuites":0,"numPendingTestSuites":0,"numTotalTests":831,"numPassedTests":831,"numFailedTests":0,"numPendingTests":0,"numTodoTests":0,"snapshot":{"added":0,"failure":false,"filesAdded":0,"filesRemoved":0,"filesRemovedList":[],"filesUnmatched":0,"filesUpdated":0,"matched":2,"total":2,"unchecked":0,"uncheckedKeysByFile":[],"unmatched":0,"updated":0,"didUpdate":false},"startTime":1789467233175,"success":true,"testResults":[{"assertionResults":[{"ancestorTitles":["의존성 보안 정책"],"fullName":"의존성 보안 정책 js-yaml 4.3.2 이상을 강제한다","status":"passed","title":"js-yaml 4.3.2 이상을 강제한다","duration":9.084100000000035,"failureMessages":[],"meta":{},"tags":[]}],"startTime":1789467248819,"endTime":1789467248828.084,"status":"passed","message":"","name":"C:/it/it_frontend/tests/unit/architecture/dependency-security-policy.test.ts"},{"assertionResults":[{"ancestorTitles":["pdf.js 워커 산출물 계약"],"fullName":"pdf.js 워커 산출물 계약 워커 파일을 다른 청크와 같은 .js 확장자로 내보낸다","status":"passed","title":"워커 파일을 다른 청크와 같은 .js 확장자로 내보낸다","duration":1.5933999999997468,"failureMessages":[],"meta":{},"tags":[]},{"ancestorTitles":["pdf.js 워커 산출물 계약"],"fullName":"pdf.js 워커 산출물 계약 fake worker 폴백이 import()로 읽는 WorkerMessageHandler export를 유지한다","status":"passed","title":"fake worker 폴백이 import()로 읽는 WorkerMessageHandler export를 유지한다","duration":2.5437999999999192,"failureMessages":[],"meta":{},"tags":[]}],"startTime":1789467237602,"endTime":1789467237605.5437,"status":"passed","message":"","name":"C:/it/it_frontend/tests/unit/architecture/pdf-worker-asset.test.ts"},{"assertionResults":[{"ancestorTitles":["EmployeeSearchDialog"],"fullName":"EmployeeSearchDialog locale 변경 시 검색 범위 접근성 이름을 갱신한다","status":"passed","title":"locale 변경 시 검색 범위 접근성 이름을 갱신한다","duration":44.20420000000013,"failureMessages":[],"meta":{},"tags":[]},{"ancestorTitles":["EmployeeSearchDialog"],"fullName":"EmployeeSearchDialog 최상위 조직 자체를 선택한 경우 level 1 조직명을 표시한다","status":"passed","title":"최상위 조직 자체를 선택한 경우 level 1 조직명을 표시한다","duration":28.54950000000008,"failureMessages":[],"meta":{},"tags":[]},{"ancestorTitles":["EmployeeSearchDialog"],"fullName":"EmployeeSearchDialog 부분 접기 클릭 시 3단계 조직까지만 트리에 표시한다","status":"passed","title":"부분 접기 클릭 시 3단계 조직까지만 트리에 표시한다","duration":30.308700000000044,"failureMessages":[],"meta":{},"tags":[]},{"ancestorTitles":["EmployeeSearchDialog"],"fullName":"EmployeeSearchDialog 직원 단일 클릭 시 확정하지 않고 좌측 트리를 직원 소속 5단계 조직으로 이동한다","status":"passed","title":"직원 단일 클릭 시 확정하지 않고 좌측 트리를 직원 소속 5단계 조직으로 이동한다","duration":12.86700000000019,"failureMessages":[],"meta":{},"tags":[]},{"ancestorTitles":["EmployeeSearchDialog"],"fullName":"EmployeeSearchDialog 직원 단일 클릭 후 선택 버튼으로 소속 조직 코드를 포함해 확정한다","status":"passed","title":"직원 단일 클릭 후 선택 버튼으로 소속 조직 코드를 포함해 확정한다","duration":11.07069999999976,"failureMessages":[],"meta":{},"tags":[]},{"ancestorTitles":["EmployeeSearchDialog"],"fullName":"EmployeeSearchDialog 조직 노드는 Enter와 Space 키로도 선택한다","status":"passed","title":"조직 노드는 Enter와 Space 키로도 선택한다","duration":18.203700000000026,"failureMessages":[],"meta":{},"tags":[]},{"ancestorTitles":["EmployeeSearchDialog"],"fullName":"EmployeeSearchDialog 정렬 헤더는 Enter와 Space 키로 정렬 방향을 전환한다","status":"passed","title":"정렬 헤더는 Enter와 Space 키로 정렬 방향을 전환한다","duration":12.791099999999915,"failureMessages":[],"meta":{},"tags":[]},{"ancestorTitles":["EmployeeSearchDialog"],"fullName":"EmployeeSearchDialog keepOpenOnSelect 모드에서 행 추가와 aside 슬롯을 함께 제공한다","status":"passed","title":"keepOpenOnSelect 모드에서 행 추가와 aside 슬롯을 함께 제공한다","duration":16.139400000000023,"failureMessages":[],"meta":{},"tags":[]},{"ancestorTitles":["EmployeeSearchDialog"],"fullName":"EmployeeSearchDialog 추가 아이콘 숨김 옵션을 사용하면 추가 버튼에 + 아이콘을 표시하지 않는다","status":"passed","title":"추가 아이콘 숨김 옵션을 사용하면 추가 버튼에 + 아이콘을 표시하지 않는다","duration":12.644500000000335,"failureMessages":[],"meta":{},"tags":[]},{"ancestorTitles":["EmployeeSearchDialog"],"fullName":"EmployeeSearchDialog 드래그 모드에서 직원 행을 드래그하면 정규화한 직원 정보를 전달한다","status":"passed","title":"드래그 모드에서 직원 행을 드래그하면 정규화한 직원 정보를 전달한다","duration":16.203500000000076,"failureMessages":[],"meta":{},"tags":[]},{"ancestorTitles":["EmployeeSearchDialog"],"fullName":"EmployeeSearchDialog 전체 조직 토글 후 검색하면 부서 밖 직원까지 복수 결과로 표시한다","status":"passed","title":"전체 조직 토글 후 검색하면 부서 밖 직원까지 복수 결과로 표시한다","duration":25.275600000000395,"failureMessages":[],"meta":{},"tags":[]},{"ancestorTitles":["EmployeeSearchDialog"],"fullName":"EmployeeSearchDialog enoPrefix를 주면 부서 목록과 전체 조직 검색 모두 서버 필터로 전달한다","status":"passed","title":"enoPrefix를 주면 부서 목록과 전체 조직 검색 모두 서버 필터로 전달한다","duration":14.211099999999988,"failureMessages":[],"meta":{},"tags":[]},{"ancestorTitles":["EmployeeSearchDialog"],"fullName":"EmployeeSearchDialog enoPrefix가 없으면 조회 쿼리에 enoPrefix를 넣지 않는다","status":"passed","title":"enoPrefix가 없으면 조회 쿼리에 enoPrefix를 넣지 않는다","duration":9.338500000000295,"failureMessages":[],"meta":{},"tags":[]},{"ancestorTitles":["EmployeeSearchDialog"],"fullName":"EmployeeSearchDialog defaultSearchScope를 주지 않으면 부서 범위로 열린다","status":"passed","title":"defaultSearchScope를 주지 않으면 부서 범위로 열린다","duration":7.302700000000186,"failureMessages":[],"meta":{},"tags":[]},{"ancestorTitles":["EmployeeSearchDialog"],"fullName":"EmployeeSearchDialog defaultSearchScope=\"all\"이면 전체 범위 라디오가 선택된 채 열리고 부서 목록은 그대로 보인다","status":"passed","title":"defaultSearchScope=\"all\"이면 전체 범위 라디오가 선택된 채 열리고 부서 목록은 그대로 보인다","duration":7.299800000000232,"failureMessages":[],"meta":{},"tags":[]},{"ancestorTitles":["EmployeeSearchDialog"],"fullName":"EmployeeSearchDialog 전체 조직 토글을 끄면 선택한 부서 목록으로 되돌아간다","status":"passed","title":"전체 조직 토글을 끄면 선택한 부서 목록으로 되돌아간다","duration":21.915399999999863,"failureMessages":[],"meta":{},"tags":[]},{"ancestorTitles":["EmployeeSearchDialog"],"fullName":"EmployeeSearchDialog 전체 조직 모드에서 1자만 입력하면 서버를 호출하지 않고 안내를 표시한다","status":"passed","title":"전체 조직 모드에서 1자만 입력하면 서버를 호출하지 않고 안내를 표시한다","duration":7.345899999999801,"failureMessages":[],"meta":{},"tags":[]},{"ancestorTitles":["EmployeeSearchDialog"],"fullName":"EmployeeSearchDialog 닫으면 예약된 전체 조직 검색을 취소한다","status":"passed","title":"닫으면 예약된 전체 조직 검색을 취소한다","duration":7.475900000000365,"failureMessages":[],"meta":{},"tags":[]},{"ancestorTitles":["EmployeeSearchDialog"],"fullName":"EmployeeSearchDialog 닫은 뒤 도착한 전체 조직 검색 실패는 Toast를 표시하지 않는다","status":"passed","title":"닫은 뒤 도착한 전체 조직 검색 실패는 Toast를 표시하지 않는다","duration":11.494500000000244,"failureMessages":[],"meta":{},"tags":[]},{"ancestorTitles":["EmployeeSearchDialog"],"fullName":"EmployeeSearchDialog 직원 더블클릭 시 소속 조직으로 이동한 뒤 즉시 확정한다","status":"passed","title":"직원 더블클릭 시 소속 조직으로 이동한 뒤 즉시 확정한다","duration":18.881099999999606,"failureMessages":[],"meta":{},"tags":[]}],"startTime":1789467237558,"endTime":1789467237892.881,"status":"passed","message":"","name":"C:/it/it_frontend/tests/unit/components/EmployeeSearchDialog.test.ts"},{"assertionResults":[{"ancestorTitles":["YearPickerTitle"],"fullName":"YearPickerTitle 카드 변형은 작은 연도 버튼과 h3 제목으로 렌더링한다","status":"passed","title":"카드 변형은 작은 연도 버튼과 h3 제목으로 렌더링한다","duration":20.19410000000005,"failureMessages":[],"meta":{},"tags":[]},{"ancestorTitles":["YearPickerTitle"],"fullName":"YearPickerTitle minYear를 주면 DatePicker에 그 해 1월 1일을 minDate로 넘겨 이전 연도를 비활성화한다","status":"passed","title":"minYear를 주면 DatePicker에 그 해 1월 1일을 minDate로 넘겨 이전 연도를 비활성화한다","duration":8.732899999999972,"failureMessages":[],"meta":{},"tags":[]},{"ancestorTitles":["YearPickerTitle"],"fullName":"YearPickerTitle minYear가 없으면 minDate를 넘기지 않아 모든 연도를 고를 수 있다","status":"passed","title":"minYear가 없으면 minDate를 넘기지 않아 모든 연도를 고를 수 있다","duration":2.039199999999937,"failureMessages":[],"meta":{},"tags":[]},{"ancestorTitles":["YearPickerTitle","첫 방문 안내(hint)"],"fullName":"YearPickerTitle 첫 방문 안내(hint) hint가 없으면 안내 말풍선과 강조 링을 렌더링하지 않는다","status":"passed","title":"hint가 없으면 안내 말풍선과 강조 링을 렌더링하지 않는다","duration":4.232899999999972,"failureMessages":[],"meta":{},"tags":[]},{"ancestorTitles":["YearPickerTitle","첫 방문 안내(hint)"],"fullName":"YearPickerTitle 첫 방문 안내(hint) hint가 있으면 연도 버튼을 강조하고 안내 문구를 role=status로 보여준다","status":"passed","title":"hint가 있으면 연도 버튼을 강조하고 안내 문구를 role=status로 보여준다","duration":2.714300000000094,"failureMessages":[],"meta":{},"tags":[]},{"ancestorTitles":["YearPickerTitle","첫 방문 안내(hint)"],"fullName":"YearPickerTitle 첫 방문 안내(hint) 안내 닫기 버튼을 누르면 hintDismiss를 emit한다","status":"passed","title":"안내 닫기 버튼을 누르면 hintDismiss를 emit한다","duration":3.88130000000001,"failureMessages":[],"meta":{},"tags":[]},{"ancestorTitles":["YearPickerTitle","첫 방문 안내(hint)"],"fullName":"YearPickerTitle 첫 방문 안내(hint) 안내가 떠 있는 동안 연도 버튼을 클릭하면 hintDismiss를 emit한다","status":"passed","title":"안내가 떠 있는 동안 연도 버튼을 클릭하면 hintDismiss를 emit한다","duration":3.0948000000000775,"failureMessages":[],"meta":{},"tags":[]},{"ancestorTitles":["YearPickerTitle","첫 방문 안내(hint)"],"fullName":"YearPickerTitle 첫 방문 안내(hint) 안내가 없을 때 연도 버튼 클릭은 hintDismiss를 emit하지 않는다","status":"passed","title":"안내가 없을 때 연도 버튼 클릭은 hintDismiss를 emit하지 않는다","duration":1.715900000000147,"failureMessages":[],"meta":{},"tags":[]},{"ancestorTitles":["YearPickerTitle","잠금(disabled)"],"fullName":"YearPickerTitle 잠금(disabled) disabled면 연도 버튼을 aria-disabled로 표시하고 클릭해도 Popover를 열지 않는다","status":"passed","title":"disabled면 연도 버튼을 aria-disabled로 표시하고 클릭해도 Popover를 열지 않는다","duration":3.3190000000001874,"failureMessages":[],"meta":{},"tags":[]},{"ancestorTitles":["YearPickerTitle","잠금(disabled)"],"fullName":"YearPickerTitle 잠금(disabled) disabled가 아니면 기본 툴팁을 쓰고 클릭 시 Popover를 연다","status":"passed","title":"disabled가 아니면 기본 툴팁을 쓰고 클릭 시 Popover를 연다","duration":2.0054999999999836,"failureMessages":[],"meta":{},"tags":[]}],"startTime":1789467244497,"endTime":1789467244549.0056,"status":"passed","message":"","name":"C:/it/it_frontend/tests/unit/components/YearPickerTitle.test.ts"},{"assertionResults":[{"ancestorTitles":["useAuthStore (직접 import)","isAuthenticated"],"fullName":"useAuthStore (직접 import) isAuthenticated user가 null이면 false이다","status":"passed","title":"user가 null이면 false이다","duration":3.6433999999999287,"failureMessages":[],"meta":{},"tags":[]},{"ancestorTitles":["useAuthStore (직접 import)","isAuthenticated"],"fullName":"useAuthStore (직접 import) isAuthenticated user가 설정되면 true이다","status":"passed","title":"user가 설정되면 true이다","duration":0.6222999999999956,"failureMessages":[],"meta":{},"tags":[]},{"ancestorTitles":["useAuthStore (직접 import)","startLogin()"],"fullName":"useAuthStore (직접 import) startLogin() 자격증명 검증만 하고 사용자 상태를 만들지 않는다","status":"passed","title":"자격증명 검증만 하고 사용자 상태를 만들지 않는다","duration":0.6096999999999753,"failureMessages":[],"meta":{},"tags":[]},{"ancestorTitles":["useAuthStore (직접 import)","startLogin()"],"fullName":"useAuthStore (직접 import) startLogin() 로그인 시작 API를 credentials include로 호출한다","status":"passed","title":"로그인 시작 API를 credentials include로 호출한다","duration":1.8490999999999076,"failureMessages":[],"meta":{},"tags":[]},{"ancestorTitles":["useAuthStore (직접 import)","startLogin()"],"fullName":"useAuthStore (직접 import) startLogin() 자격증명이 틀리면 에러를 throw하고 사용자 상태는 비어 있다","status":"passed","title":"자격증명이 틀리면 에러를 throw하고 사용자 상태는 비어 있다","duration":1.8114000000000487,"failureMessages":[],"meta":{},"tags":[]},{"ancestorTitles":["useAuthStore (직접 import)","completeLogin()"],"fullName":"useAuthStore (직접 import) completeLogin() MFA 완료 후에만 사용자 상태를 설정한다","status":"passed","title":"MFA 완료 후에만 사용자 상태를 설정한다","duration":1.3149000000000797,"failureMessages":[],"meta":{},"tags":[]},{"ancestorTitles":["useAuthStore (직접 import)","completeLogin()"],"fullName":"useAuthStore (직접 import) completeLogin() MFA 증표가 없어 완료가 거부되면 사용자 상태가 비어 있다","status":"passed","title":"MFA 증표가 없어 완료가 거부되면 사용자 상태가 비어 있다","duration":1.6947999999999865,"failureMessages":[],"meta":{},"tags":[]},{"ancestorTitles":["useAuthStore (직접 import)","completeLogin()"],"fullName":"useAuthStore (직접 import) completeLogin() athIds가 null이면 기본값 [\"ITPZZ001\"]을 사용한다","status":"passed","title":"athIds가 null이면 기본값 [\"ITPZZ001\"]을 사용한다","duration":0.4821999999999207,"failureMessages":[],"meta":{},"tags":[]},{"ancestorTitles":["useAuthStore (직접 import)","completeLogin()"],"fullName":"useAuthStore (직접 import) completeLogin() 완료 요청에는 자격증명 본문을 싣지 않는다","status":"passed","title":"완료 요청에는 자격증명 본문을 싣지 않는다","duration":0.6680999999998676,"failureMessages":[],"meta":{},"tags":[]},{"ancestorTitles":["useAuthStore (직접 import)","login() 제거"],"fullName":"useAuthStore (직접 import) login() 제거 MFA를 우회하는 단일 단계 로그인 액션을 노출하지 않는다","status":"passed","title":"MFA를 우회하는 단일 단계 로그인 액션을 노출하지 않는다","duration":0.32780000000002474,"failureMessages":[],"meta":{},"tags":[]},{"ancestorTitles":["useAuthStore (직접 import)","logout()"],"fullName":"useAuthStore (직접 import) logout() 로그아웃 후 user가 null이 된다","status":"passed","title":"로그아웃 후 user가 null이 된다","duration":0.34380000000010114,"failureMessages":[],"meta":{},"tags":[]},{"ancestorTitles":["useAuthStore (직접 import)","logout()"],"fullName":"useAuthStore (직접 import) logout() 로그아웃 API가 실패해도 user는 null이 된다","status":"passed","title":"로그아웃 API가 실패해도 user는 null이 된다","duration":0.5175999999999021,"failureMessages":[],"meta":{},"tags":[]},{"ancestorTitles":["useAuthStore (직접 import)","refresh()"],"fullName":"useAuthStore (직접 import) refresh() user가 null이면 false를 반환한다","status":"passed","title":"user가 null이면 false를 반환한다","duration":0.33110000000010587,"failureMessages":[],"meta":{},"tags":[]},{"ancestorTitles":["useAuthStore (직접 import)","refresh()"],"fullName":"useAuthStore (직접 import) refresh() 토큰 갱신 성공 시 true를 반환한다","status":"passed","title":"토큰 갱신 성공 시 true를 반환한다","duration":0.23779999999987922,"failureMessages":[],"meta":{},"tags":[]},{"ancestorTitles":["useAuthStore (직접 import)","refresh()"],"fullName":"useAuthStore (직접 import) refresh() 토큰 갱신이 401로 거부되면 false를 반환하고 로컬 세션을 정리한다","status":"passed","title":"토큰 갱신이 401로 거부되면 false를 반환하고 로컬 세션을 정리한다","duration":0.533100000000104,"failureMessages":[],"meta":{},"tags":[]},{"ancestorTitles":["useAuthStore (직접 import)","refresh()"],"fullName":"useAuthStore (직접 import) refresh() 토큰 갱신이 일시적으로 실패하면 오류를 전파하고 로컬 세션을 유지한다","status":"passed","title":"토큰 갱신이 일시적으로 실패하면 오류를 전파하고 로컬 세션을 유지한다","duration":0.8423000000000229,"failureMessages":[],"meta":{},"tags":[]},{"ancestorTitles":["useAuthStore (직접 import)","refresh()"],"fullName":"useAuthStore (직접 import) refresh() 동시 호출은 하나의 갱신 요청으로 합쳐진다","status":"passed","title":"동시 호출은 하나의 갱신 요청으로 합쳐진다","duration":0.2826000000000022,"failureMessages":[],"meta":{},"tags":[]},{"ancestorTitles":["useAuthStore (직접 import)","refresh()"],"fullName":"useAuthStore (직접 import) refresh() 세션 만료가 확정되면 이후 갱신은 서버를 호출하지 않는다","status":"passed","title":"세션 만료가 확정되면 이후 갱신은 서버를 호출하지 않는다","duration":0.43820000000005166,"failureMessages":[],"meta":{},"tags":[]},{"ancestorTitles":["useAuthStore (직접 import)","refresh()"],"fullName":"useAuthStore (직접 import) refresh() 재로그인하면 만료 래치가 풀려 다시 갱신할 수 있다","status":"passed","title":"재로그인하면 만료 래치가 풀려 다시 갱신할 수 있다","duration":0.6367000000000189,"failureMessages":[],"meta":{},"tags":[]},{"ancestorTitles":["useAuthStore (직접 import)","restoreSession()"],"fullName":"useAuthStore (직접 import) restoreSession() localStorage에 user 정보가 있으면 쿠키로 복원한다","status":"passed","title":"localStorage에 user 정보가 있으면 쿠키로 복원한다","duration":1.1160999999999603,"failureMessages":[],"meta":{},"tags":[]},{"ancestorTitles":["useAuthStore (직접 import)","restoreSession()"],"fullName":"useAuthStore (직접 import) restoreSession() localStorage에 user가 없으면 아무것도 하지 않는다","status":"passed","title":"localStorage에 user가 없으면 아무것도 하지 않는다","duration":0.27070000000003347,"failureMessages":[],"meta":{},"tags":[]},{"ancestorTitles":["useAuthStore (직접 import)","restoreSession()"],"fullName":"useAuthStore (직접 import) restoreSession() localStorage에 손상된 JSON이 있어도 에러가 발생하지 않는다","status":"passed","title":"localStorage에 손상된 JSON이 있어도 에러가 발생하지 않는다","duration":3.435999999999922,"failureMessages":[],"meta":{},"tags":[]},{"ancestorTitles":["useAuthStore (직접 import)","restoreSession()"],"fullName":"useAuthStore (직접 import) restoreSession() document.cookie에 it-portal-user 쿠키가 있으면 user를 복원한다 (L205-206 분기)","status":"passed","title":"document.cookie에 it-portal-user 쿠키가 있으면 user를 복원한다 (L205-206 분기)","duration":0.7032999999998992,"failureMessages":[],"meta":{},"tags":[]},{"ancestorTitles":["useAuthStore (직접 import)","restoreSession()"],"fullName":"useAuthStore (직접 import) restoreSession() document.cookie의 it-portal-user 값이 손상된 JSON이면 에러 없이 무시한다","status":"passed","title":"document.cookie의 it-portal-user 값이 손상된 JSON이면 에러 없이 무시한다","duration":0.9837999999999738,"failureMessages":[],"meta":{},"tags":[]},{"ancestorTitles":["useAuthStore (직접 import)","restoreSession()"],"fullName":"useAuthStore (직접 import) restoreSession() it-portal-user가 없고 Access Token이 유효하면 서버 세션으로 사용자를 복원한다","status":"passed","title":"it-portal-user가 없고 Access Token이 유효하면 서버 세션으로 사용자를 복원한다","duration":0.5940999999997985,"failureMessages":[],"meta":{},"tags":[]},{"ancestorTitles":["useAuthStore (직접 import)","restoreSession()"],"fullName":"useAuthStore (직접 import) restoreSession() Access Token과 사용자 쿠키가 없어도 Refresh Token으로 회복한 뒤 세션을 복원한다","status":"passed","title":"Access Token과 사용자 쿠키가 없어도 Refresh Token으로 회복한 뒤 세션을 복원한다","duration":0.7380000000000564,"failureMessages":[],"meta":{},"tags":[]},{"ancestorTitles":["useAuthStore (직접 import)","restoreSession()"],"fullName":"useAuthStore (직접 import) restoreSession() 이미 복원된 사용자가 있으면 서버를 호출하지 않고 즉시 true를 반환한다","status":"passed","title":"이미 복원된 사용자가 있으면 서버를 호출하지 않고 즉시 true를 반환한다","duration":0.37019999999984066,"failureMessages":[],"meta":{},"tags":[]},{"ancestorTitles":["useAuthStore (직접 import)","restoreSession()"],"fullName":"useAuthStore (직접 import) restoreSession() 동시에 여러 번 호출해도 진행 중인 복원 요청 하나만 공유한다","status":"passed","title":"동시에 여러 번 호출해도 진행 중인 복원 요청 하나만 공유한다","duration":0.680699999999888,"failureMessages":[],"meta":{},"tags":[]},{"ancestorTitles":["useAuthStore (직접 import)","restoreSession()"],"fullName":"useAuthStore (직접 import) restoreSession() 세션 조회가 401이 아닌 오류면 Refresh를 시도하지 않고 false를 반환한다","status":"passed","title":"세션 조회가 401이 아닌 오류면 Refresh를 시도하지 않고 false를 반환한다","duration":0.8953999999998814,"failureMessages":[],"meta":{},"tags":[]},{"ancestorTitles":["useAuthStore (직접 import)","restoreSession()"],"fullName":"useAuthStore (직접 import) restoreSession() Refresh 요청이 401이 아닌 오류로 실패하면 경고를 남기고 false를 반환한다","status":"passed","title":"Refresh 요청이 401이 아닌 오류로 실패하면 경고를 남기고 false를 반환한다","duration":0.3473999999998796,"failureMessages":[],"meta":{},"tags":[]},{"ancestorTitles":["useAuthStore (직접 import)","restoreSession()"],"fullName":"useAuthStore (직접 import) restoreSession() Refresh 후 재조회도 401이면 조용히 false를 반환한다","status":"passed","title":"Refresh 후 재조회도 401이면 조용히 false를 반환한다","duration":0.4454000000000633,"failureMessages":[],"meta":{},"tags":[]},{"ancestorTitles":["useAuthStore (직접 import)","restoreSession()"],"fullName":"useAuthStore (직접 import) restoreSession() status 정보가 없는 오류는 unknown으로 기록하고 false를 반환한다","status":"passed","title":"status 정보가 없는 오류는 unknown으로 기록하고 false를 반환한다","duration":0.38840000000004693,"failureMessages":[],"meta":{},"tags":[]},{"ancestorTitles":["useAuthStore (직접 import)","switchUser"],"fullName":"useAuthStore (직접 import) switchUser 전환 대상 사번으로 재발급을 요청하고 응답 사용자로 상태를 갱신한다","status":"passed","title":"전환 대상 사번으로 재발급을 요청하고 응답 사용자로 상태를 갱신한다","duration":0.5763999999999214,"failureMessages":[],"meta":{},"tags":[]},{"ancestorTitles":["useAuthStore (직접 import)","switchUser"],"fullName":"useAuthStore (직접 import) switchUser 전환 실패 시 서버 오류를 그대로 전파한다","status":"passed","title":"전환 실패 시 서버 오류를 그대로 전파한다","duration":0.3342000000000098,"failureMessages":[],"meta":{},"tags":[]},{"ancestorTitles":["useAuthStore (직접 import)","setAuth 기본값"],"fullName":"useAuthStore (직접 import) setAuth 기본값 부서·팀 코드가 없는 응답은 빈 문자열로 정규화한다","status":"passed","title":"부서·팀 코드가 없는 응답은 빈 문자열로 정규화한다","duration":0.26159999999981665,"failureMessages":[],"meta":{},"tags":[]}],"startTime":1789467246371,"endTime":1789467246401.2617,"status":"passed","message":"","name":"C:/it/it_frontend/tests/unit/stores/auth.direct.test.ts"},{"assertionResults":[{"ancestorTitles":["전자결재 목록 — [신청서 보기]·[원본 보기] 열"],"fullName":"전자결재 목록 — [신청서 보기]·[원본 보기] 열 pending 탭에서는 두 열이 보인다","status":"passed","title":"pending 탭에서는 두 열이 보인다","duration":3700.2471,"failureMessages":[],"meta":{},"tags":[]},{"ancestorTitles":["전자결재 목록 — [신청서 보기]·[원본 보기] 열"],"fullName":"전자결재 목록 — [신청서 보기]·[원본 보기] 열 in-progress 탭에서는 두 열이 보인다","status":"passed","title":"in-progress 탭에서는 두 열이 보인다","duration":8.187300000000505,"failureMessages":[],"meta":{},"tags":[]},{"ancestorTitles":["전자결재 목록 — [신청서 보기]·[원본 보기] 열"],"fullName":"전자결재 목록 — [신청서 보기]·[원본 보기] 열 done 탭에서는 두 열이 보인다","status":"passed","title":"done 탭에서는 두 열이 보인다","duration":7.680099999999584,"failureMessages":[],"meta":{},"tags":[]},{"ancestorTitles":["전자결재 목록 — [신청서 보기]·[원본 보기] 열"],"fullName":"전자결재 목록 — [신청서 보기]·[원본 보기] 열 draft-done 탭에서는 두 열이 보인다","status":"passed","title":"draft-done 탭에서는 두 열이 보인다","duration":16.790600000000268,"failureMessages":[],"meta":{},"tags":[]},{"ancestorTitles":["전자결재 목록 — [신청서 보기]·[원본 보기] 열"],"fullName":"전자결재 목록 — [신청서 보기]·[원본 보기] 열 전체 문서함에서도 두 열이 보인다","status":"passed","title":"전체 문서함에서도 두 열이 보인다","duration":21.29150000000027,"failureMessages":[],"meta":{},"tags":[]},{"ancestorTitles":["전자결재 목록 — [신청서 보기]·[원본 보기] 열"],"fullName":"전자결재 목록 — [신청서 보기]·[원본 보기] 열 반려함에서는 두 열이 없다","status":"passed","title":"반려함에서는 두 열이 없다","duration":8.85609999999997,"failureMessages":[],"meta":{},"tags":[]},{"ancestorTitles":["전자결재 목록 — [신청서 보기]·[원본 보기] 열"],"fullName":"전자결재 목록 — [신청서 보기]·[원본 보기] 열 전체 문서함의 반려·회수 상태 3에는 신청서 보기만 보인다","status":"passed","title":"전체 문서함의 반려·회수 상태 3에는 신청서 보기만 보인다","duration":17.223899999999958,"failureMessages":[],"meta":{},"tags":[]},{"ancestorTitles":["전자결재 목록 — [신청서 보기]·[원본 보기] 열"],"fullName":"전자결재 목록 — [신청서 보기]·[원본 보기] 열 전체 문서함의 반려·회수 상태 03에는 신청서 보기만 보인다","status":"passed","title":"전체 문서함의 반려·회수 상태 03에는 신청서 보기만 보인다","duration":9.771300000000338,"failureMessages":[],"meta":{},"tags":[]},{"ancestorTitles":["전자결재 목록 — [신청서 보기]·[원본 보기] 열"],"fullName":"전자결재 목록 — [신청서 보기]·[원본 보기] 열 전체 문서함의 반려·회수 상태 4에는 신청서 보기만 보인다","status":"passed","title":"전체 문서함의 반려·회수 상태 4에는 신청서 보기만 보인다","duration":5.235099999999875,"failureMessages":[],"meta":{},"tags":[]},{"ancestorTitles":["전자결재 목록 — [신청서 보기]·[원본 보기] 열"],"fullName":"전자결재 목록 — [신청서 보기]·[원본 보기] 열 전체 문서함의 반려·회수 상태 04에는 신청서 보기만 보인다","status":"passed","title":"전체 문서함의 반려·회수 상태 04에는 신청서 보기만 보인다","duration":4.831199999999626,"failureMessages":[],"meta":{},"tags":[]},{"ancestorTitles":["전자결재 목록 — [신청서 보기]·[원본 보기] 열"],"fullName":"전자결재 목록 — [신청서 보기]·[원본 보기] 열 [신청서 보기]는 신청서명 클릭과 같은 뷰어를 연다","status":"passed","title":"[신청서 보기]는 신청서명 클릭과 같은 뷰어를 연다","duration":9.22020000000066,"failureMessages":[],"meta":{},"tags":[]},{"ancestorTitles":["전자결재 목록 — [신청서 보기]·[원본 보기] 열"],"fullName":"전자결재 목록 — [신청서 보기]·[원본 보기] 열 결재 대기 탭의 [원본 보기]는 세부내용의 예산연도와 함께 결재 상신 화면으로 이동한다","status":"passed","title":"결재 대기 탭의 [원본 보기]는 세부내용의 예산연도와 함께 결재 상신 화면으로 이동한다","duration":10.127700000000004,"failureMessages":[],"meta":{},"tags":[]},{"ancestorTitles":["전자결재 목록 — [신청서 보기]·[원본 보기] 열"],"fullName":"전자결재 목록 — [신청서 보기]·[원본 보기] 열 전체 문서함의 결재중 문서는 결재 상신 화면으로 이동한다","status":"passed","title":"전체 문서함의 결재중 문서는 결재 상신 화면으로 이동한다","duration":10.83179999999993,"failureMessages":[],"meta":{},"tags":[]},{"ancestorTitles":["전자결재 목록 — [신청서 보기]·[원본 보기] 열"],"fullName":"전자결재 목록 — [신청서 보기]·[원본 보기] 열 완료 문서 탭의 [원본 보기]는 통합 목록으로 가고, 세부내용을 못 읽으면 연도 없이 이동한다","status":"passed","title":"완료 문서 탭의 [원본 보기]는 통합 목록으로 가고, 세부내용을 못 읽으면 연도 없이 이동한다","duration":10.426500000000487,"failureMessages":[],"meta":{},"tags":[]},{"ancestorTitles":["전자결재 목록 — [신청서 보기]·[원본 보기] 열"],"fullName":"전자결재 목록 — [신청서 보기]·[원본 보기] 열 신청서 번호가 없는 행은 이동하지 않고 안내한다","status":"passed","title":"신청서 번호가 없는 행은 이동하지 않고 안내한다","duration":17.47559999999976,"failureMessages":[],"meta":{},"tags":[]}],"startTime":1789467236661,"endTime":1789467240519.4756,"status":"passed","message":"","name":"C:/it/it_frontend/tests/unit/pages/approval-list-original-link.test.ts"},{"assertionResults":[{"ancestorTitles":["project detail page boundary"],"fullName":"project detail page boundary 권한 거부 안내 화면에서는 일반 재조회 실패 알림을 표시하지 않는다","status":"passed","title":"권한 거부 안내 화면에서는 일반 재조회 실패 알림을 표시하지 않는다","duration":0.9995000000000118,"failureMessages":[],"meta":{},"tags":[]},{"ancestorTitles":["project detail page boundary"],"fullName":"project detail page boundary 사업 상세 상태와 소요자원 표를 전용 경계로 분리한다","status":"passed","title":"사업 상세 상태와 소요자원 표를 전용 경계로 분리한다","duration":0.16089999999996962,"failureMessages":[],"meta":{},"tags":[]},{"ancestorTitles":["project detail page boundary"],"fullName":"project detail page boundary 수기등록 안내는 신청서 번호가 아니라 이관 표식이 있는 사업에만 표시한다","status":"passed","title":"수기등록 안내는 신청서 번호가 아니라 이관 표식이 있는 사업에만 표시한다","duration":0.09749999999996817,"failureMessages":[],"meta":{},"tags":[]},{"ancestorTitles":["project detail page boundary"],"fullName":"project detail page boundary 수기등록 안내는 표준 공통 다이얼로그 헤더와 푸터를 사용한다","status":"passed","title":"수기등록 안내는 표준 공통 다이얼로그 헤더와 푸터를 사용한다","duration":0.09619999999995343,"failureMessages":[],"meta":{},"tags":[]},{"ancestorTitles":["project detail page boundary"],"fullName":"project detail page boundary 정보화사업·경상사업 상세 헤더에 Excel·PDF 다운로드 액션을 연결한다","status":"passed","title":"정보화사업·경상사업 상세 헤더에 Excel·PDF 다운로드 액션을 연결한다","duration":0.15819999999996526,"failureMessages":[],"meta":{},"tags":[]}],"startTime":1789467252239,"endTime":1789467252241.161,"status":"passed","message":"","name":"C:/it/it_frontend/tests/unit/pages/projectDetailPageBoundary.test.ts"},{"assertionResults":[{"ancestorTitles":["resolveOriginalBudgetPath"],"fullName":"resolveOriginalBudgetPath 결재 대기·진행 문서는 결재 상신 화면, 결재 완료·완료 문서는 통합 목록으로 간다","status":"passed","title":"결재 대기·진행 문서는 결재 상신 화면, 결재 완료·완료 문서는 통합 목록으로 간다","duration":1.7497999999999365,"failureMessages":[],"meta":{},"tags":[]},{"ancestorTitles":["resolveOriginalBudgetPath"],"fullName":"resolveOriginalBudgetPath 전체 문서함은 행 상태에 따라 결재 상신 화면 또는 통합 목록으로 간다","status":"passed","title":"전체 문서함은 행 상태에 따라 결재 상신 화면 또는 통합 목록으로 간다","duration":0.20539999999994052,"failureMessages":[],"meta":{},"tags":[]},{"ancestorTitles":["resolveOriginalBudgetPath"],"fullName":"resolveOriginalBudgetPath 전체 문서함의 반려·회수 문서와 반려함은 원본 보기를 제공하지 않는다","status":"passed","title":"전체 문서함의 반려·회수 문서와 반려함은 원본 보기를 제공하지 않는다","duration":0.18729999999993652,"failureMessages":[],"meta":{},"tags":[]},{"ancestorTitles":["buildOriginalBudgetRoute"],"fullName":"buildOriginalBudgetRoute 신청서 번호와 예산연도를 쿼리로 싣는다","status":"passed","title":"신청서 번호와 예산연도를 쿼리로 싣는다","duration":0.5439000000000078,"failureMessages":[],"meta":{},"tags":[]},{"ancestorTitles":["buildOriginalBudgetRoute"],"fullName":"buildOriginalBudgetRoute 연도를 모르면 신청서 번호만 싣는다","status":"passed","title":"연도를 모르면 신청서 번호만 싣는다","duration":0.15819999999996526,"failureMessages":[],"meta":{},"tags":[]},{"ancestorTitles":["buildOriginalBudgetRoute"],"fullName":"buildOriginalBudgetRoute 신청서 번호가 비어 있으면 만들지 않는다","status":"passed","title":"신청서 번호가 비어 있으면 만들지 않는다","duration":0.5912000000000717,"failureMessages":[],"meta":{},"tags":[]},{"ancestorTitles":["extractBudgetYearFromDetail"],"fullName":"extractBudgetYearFromDetail 사업 항목의 연도를 먼저, 없으면 전산업무비 항목의 연도를 읽는다","status":"passed","title":"사업 항목의 연도를 먼저, 없으면 전산업무비 항목의 연도를 읽는다","duration":0.23869999999999436,"failureMessages":[],"meta":{},"tags":[]},{"ancestorTitles":["extractBudgetYearFromDetail"],"fullName":"extractBudgetYearFromDetail 연도 형식이 아니거나 항목이 없으면 null이다","status":"passed","title":"연도 형식이 아니거나 항목이 없으면 null이다","duration":0.1352000000000544,"failureMessages":[],"meta":{},"tags":[]},{"ancestorTitles":["readApfMngNoQuery"],"fullName":"readApfMngNoQuery 문자열·배열 첫 값은 공백을 걷어 읽고 그 외는 빈 문자열이다","status":"passed","title":"문자열·배열 첫 값은 공백을 걷어 읽고 그 외는 빈 문자열이다","duration":0.16859999999996944,"failureMessages":[],"meta":{},"tags":[]}],"startTime":1789467250588,"endTime":1789467250592.2388,"status":"passed","message":"","name":"C:/it/it_frontend/tests/unit/utils/approvalOriginalLink.test.ts"},{"assertionResults":[{"ancestorTitles":[],"fullName":"반응형 구형 v3 첨부 목록을 원본 변경 없이 빈 배열로 보정한다","status":"passed","title":"반응형 구형 v3 첨부 목록을 원본 변경 없이 빈 배열로 보정한다","duration":7.317900000000009,"failureMessages":[],"meta":{},"tags":[]},{"ancestorTitles":["v2 엄격한 저장 계약"],"fullName":"v2 엄격한 저장 계약 ISO offset Z를 허용한다","status":"passed","title":"ISO offset Z를 허용한다","duration":14.361100000000079,"failureMessages":[],"meta":{},"tags":[]},{"ancestorTitles":["v2 엄격한 저장 계약"],"fullName":"v2 엄격한 저장 계약 ISO offset +09:00를 허용한다","status":"passed","title":"ISO offset +09:00를 허용한다","duration":0.772899999999936,"failureMessages":[],"meta":{},"tags":[]},{"ancestorTitles":["v2 엄격한 저장 계약"],"fullName":"v2 엄격한 저장 계약 ISO offset -05:00를 허용한다","status":"passed","title":"ISO offset -05:00를 허용한다","duration":0.848700000000008,"failureMessages":[],"meta":{},"tags":[]},{"ancestorTitles":["v2 엄격한 저장 계약"],"fullName":"v2 엄격한 저장 계약 ISO offset +18:00를 허용한다","status":"passed","title":"ISO offset +18:00를 허용한다","duration":0.8965999999998076,"failureMessages":[],"meta":{},"tags":[]},{"ancestorTitles":["v2 엄격한 저장 계약"],"fullName":"v2 엄격한 저장 계약 ISO offset -18:00를 허용한다","status":"passed","title":"ISO offset -18:00를 허용한다","duration":0.8309999999999036,"failureMessages":[],"meta":{},"tags":[]},{"ancestorTitles":["v2 엄격한 저장 계약"],"fullName":"v2 엄격한 저장 계약 잘못된 offset 시각 2026-02-30T01:00:00+09:00를 거부한다","status":"passed","title":"잘못된 offset 시각 2026-02-30T01:00:00+09:00를 거부한다","duration":0.4352999999998701,"failureMessages":[],"meta":{},"tags":[]},{"ancestorTitles":["v2 엄격한 저장 계약"],"fullName":"v2 엄격한 저장 계약 잘못된 offset 시각 2026-09-06T24:00:00-05:00를 거부한다","status":"passed","title":"잘못된 offset 시각 2026-09-06T24:00:00-05:00를 거부한다","duration":0.931400000000167,"failureMessages":[],"meta":{},"tags":[]},{"ancestorTitles":["v2 엄격한 저장 계약"],"fullName":"v2 엄격한 저장 계약 잘못된 offset 시각 2026-09-06T00:00:60Z를 거부한다","status":"passed","title":"잘못된 offset 시각 2026-09-06T00:00:60Z를 거부한다","duration":0.46630000000004657,"failureMessages":[],"meta":{},"tags":[]},{"ancestorTitles":["v2 엄격한 저장 계약"],"fullName":"v2 엄격한 저장 계약 잘못된 offset 시각 2026-09-06T00:00:00+18:01를 거부한다","status":"passed","title":"잘못된 offset 시각 2026-09-06T00:00:00+18:01를 거부한다","duration":0.35770000000002256,"failureMessages":[],"meta":{},"tags":[]},{"ancestorTitles":["v2 엄격한 저장 계약"],"fullName":"v2 엄격한 저장 계약 잘못된 offset 시각 2026-09-06T00:00:00+09:60를 거부한다","status":"passed","title":"잘못된 offset 시각 2026-09-06T00:00:00+09:60를 거부한다","duration":0.20289999999999964,"failureMessages":[],"meta":{},"tags":[]},{"ancestorTitles":["v2 엄격한 저장 계약"],"fullName":"v2 엄격한 저장 계약 잘못된 offset 시각 2026-09-06T00:00:00+19:00를 거부한다","status":"passed","title":"잘못된 offset 시각 2026-09-06T00:00:00+19:00를 거부한다","duration":0.14069999999992433,"failureMessages":[],"meta":{},"tags":[]},{"ancestorTitles":["v2 엄격한 저장 계약"],"fullName":"v2 엄격한 저장 계약 잘못된 offset 시각 2026-09-06T00:00:00+0900를 거부한다","status":"passed","title":"잘못된 offset 시각 2026-09-06T00:00:00+0900를 거부한다","duration":0.13199999999983447,"failureMessages":[],"meta":{},"tags":[]},{"ancestorTitles":["v2 엄격한 저장 계약"],"fullName":"v2 엄격한 저장 계약 잘못된 offset 시각 2026-09-06T00:00:00Ztail를 거부한다","status":"passed","title":"잘못된 offset 시각 2026-09-06T00:00:00Ztail를 거부한다","duration":0.12950000000000728,"failureMessages":[],"meta":{},"tags":[]},{"ancestorTitles":["v2 엄격한 저장 계약"],"fullName":"v2 엄격한 저장 계약 선택 역할 조합 \"TEAM_LEAD\"를 실제 슬롯으로만 변환한다","status":"passed","title":"선택 역할 조합 \"TEAM_LEAD\"를 실제 슬롯으로만 변환한다","duration":1.0860999999999876,"failureMessages":[],"meta":{},"tags":[]},{"ancestorTitles":["v2 엄격한 저장 계약"],"fullName":"v2 엄격한 저장 계약 선택 역할 조합 \"DEPT_HEAD\"를 실제 슬롯으로만 변환한다","status":"passed","title":"선택 역할 조합 \"DEPT_HEAD\"를 실제 슬롯으로만 변환한다","duration":0.6965999999999894,"failureMessages":[],"meta":{},"tags":[]},{"ancestorTitles":["v2 엄격한 저장 계약"],"fullName":"v2 엄격한 저장 계약 선택 역할 조합 \"ADDITIONAL\"를 실제 슬롯으로만 변환한다","status":"passed","title":"선택 역할 조합 \"ADDITIONAL\"를 실제 슬롯으로만 변환한다","duration":0.7031999999999243,"failureMessages":[],"meta":{},"tags":[]},{"ancestorTitles":["v2 엄격한 저장 계약"],"fullName":"v2 엄격한 저장 계약 선택 역할 조합 \"TEAM_LEAD\"를 실제 슬롯으로만 변환한다","status":"passed","title":"선택 역할 조합 \"TEAM_LEAD\"를 실제 슬롯으로만 변환한다","duration":0.628800000000183,"failureMessages":[],"meta":{},"tags":[]},{"ancestorTitles":["v2 엄격한 저장 계약"],"fullName":"v2 엄격한 저장 계약 선택 역할 조합 \"DEPT_HEAD\"를 실제 슬롯으로만 변환한다","status":"passed","title":"선택 역할 조합 \"DEPT_HEAD\"를 실제 슬롯으로만 변환한다","duration":0.6675000000000182,"failureMessages":[],"meta":{},"tags":[]},{"ancestorTitles":["v2 엄격한 저장 계약"],"fullName":"v2 엄격한 저장 계약 선택 역할 조합 \"TEAM_LEAD\"를 실제 슬롯으로만 변환한다","status":"passed","title":"선택 역할 조합 \"TEAM_LEAD\"를 실제 슬롯으로만 변환한다","duration":0.6072000000001481,"failureMessages":[],"meta":{},"tags":[]},{"ancestorTitles":["v2 엄격한 저장 계약"],"fullName":"v2 엄격한 저장 계약 잘못된 역할 \"TEAM_LEAD\"를 거부한다","status":"passed","title":"잘못된 역할 \"TEAM_LEAD\"를 거부한다","duration":0.2863999999999578,"failureMessages":[],"meta":{},"tags":[]},{"ancestorTitles":["v2 엄격한 저장 계약"],"fullName":"v2 엄격한 저장 계약 잘못된 역할 \"DEPT_HEAD\"를 거부한다","status":"passed","title":"잘못된 역할 \"DEPT_HEAD\"를 거부한다","duration":0.21289999999999054,"failureMessages":[],"meta":{},"tags":[]},{"ancestorTitles":["v2 엄격한 저장 계약"],"fullName":"v2 엄격한 저장 계약 잘못된 역할 \"DEPT_HEAD\"를 거부한다","status":"passed","title":"잘못된 역할 \"DEPT_HEAD\"를 거부한다","duration":0.1594000000000051,"failureMessages":[],"meta":{},"tags":[]},{"ancestorTitles":["v2 엄격한 저장 계약"],"fullName":"v2 엄격한 저장 계약 잘못된 역할 \"ADDITIONAL\"를 거부한다","status":"passed","title":"잘못된 역할 \"ADDITIONAL\"를 거부한다","duration":0.2176999999999225,"failureMessages":[],"meta":{},"tags":[]},{"ancestorTitles":["v2 엄격한 저장 계약"],"fullName":"v2 엄격한 저장 계약 잘못된 역할 \"UNKNOWN\"를 거부한다","status":"passed","title":"잘못된 역할 \"UNKNOWN\"를 거부한다","duration":0.14030000000002474,"failureMessages":[],"meta":{},"tags":[]},{"ancestorTitles":["v2 엄격한 저장 계약"],"fullName":"v2 엄격한 저장 계약 잘못된 역할 null를 거부한다","status":"passed","title":"잘못된 역할 null를 거부한다","duration":0.13049999999998363,"failureMessages":[],"meta":{},"tags":[]},{"ancestorTitles":["v2 엄격한 저장 계약"],"fullName":"v2 엄격한 저장 계약 모든 중첩 객체의 추가 키와 prototype 키를 거부한다","status":"passed","title":"모든 중첩 객체의 추가 키와 prototype 키를 거부한다","duration":13.753999999999905,"failureMessages":[],"meta":{},"tags":[]},{"ancestorTitles":["v2 엄격한 저장 계약"],"fullName":"v2 엄격한 저장 계약 회수 메타데이터 {\"recalledAt\":\"2026-09-06T00:00:00Z\"}를 거부한다","status":"passed","title":"회수 메타데이터 {\"recalledAt\":\"2026-09-06T00:00:00Z\"}를 거부한다","duration":0.2016000000000986,"failureMessages":[],"meta":{},"tags":[]},{"ancestorTitles":["v2 엄격한 저장 계약"],"fullName":"v2 엄격한 저장 계약 회수 메타데이터 null를 거부한다","status":"passed","title":"회수 메타데이터 null를 거부한다","duration":0.10180000000013933,"failureMessages":[],"meta":{},"tags":[]},{"ancestorTitles":["v2 엄격한 저장 계약"],"fullName":"v2 엄격한 저장 계약 회수 메타데이터 {\"recallerEno\":\"\",\"recallDtm\":\"2026-09-06T00:00:00\",\"recallOpnn\":null}를 거부한다","status":"passed","title":"회수 메타데이터 {\"recallerEno\":\"\",\"recallDtm\":\"2026-09-06T00:00:00\",\"recallOpnn\":null}를 거부한다","duration":0.0865000000001146,"failureMessages":[],"meta":{},"tags":[]},{"ancestorTitles":["v2 엄격한 저장 계약"],"fullName":"v2 엄격한 저장 계약 회수 메타데이터 {\"recallerEno\":1,\"recallDtm\":\"2026-09-06T00:00:00\",\"recallOpnn\":null}를 거부한다","status":"passed","title":"회수 메타데이터 {\"recallerEno\":1,\"recallDtm\":\"2026-09-06T00:00:00\",\"recallOpnn\":null}를 거부한다","duration":0.0786000000000513,"failureMessages":[],"meta":{},"tags":[]},{"ancestorTitles":["v2 엄격한 저장 계약"],"fullName":"v2 엄격한 저장 계약 회수 메타데이터 {\"recallerEno\":\"E1\",\"recallDtm\":\"2026-02-30T00:00:00\",\"recallOpnn\":null}를 거부한다","status":"passed","title":"회수 메타데이터 {\"recallerEno\":\"E1\",\"recallDtm\":\"2026-02-30T00:00:00\",\"recallOpnn\":null}를 거부한다","duration":0.08029999999985193,"failureMessages":[],"meta":{},"tags":[]},{"ancestorTitles":["v2 엄격한 저장 계약"],"fullName":"v2 엄격한 저장 계약 회수 메타데이터 {\"recallerEno\":\"E1\",\"recallDtm\":\"2026-09-06T00:00:00Z\",\"recallOpnn\":null}를 거부한다","status":"passed","title":"회수 메타데이터 {\"recallerEno\":\"E1\",\"recallDtm\":\"2026-09-06T00:00:00Z\",\"recallOpnn\":null}를 거부한다","duration":0.07339999999999236,"failureMessages":[],"meta":{},"tags":[]},{"ancestorTitles":["v2 엄격한 저장 계약"],"fullName":"v2 엄격한 저장 계약 회수 메타데이터 {\"recallerEno\":\"E1\",\"recallDtm\":\"2026-09-06T00:00:00\",\"recallOpnn\":1}를 거부한다","status":"passed","title":"회수 메타데이터 {\"recallerEno\":\"E1\",\"recallDtm\":\"2026-09-06T00:00:00\",\"recallOpnn\":1}를 거부한다","duration":0.07750000000010004,"failureMessages":[],"meta":{},"tags":[]},{"ancestorTitles":["v2 엄격한 저장 계약"],"fullName":"v2 엄격한 저장 계약 회수 메타데이터 {\"recallerEno\":\"E1\",\"recallDtm\":\"2026-09-06T00:00:00\"}를 거부한다","status":"passed","title":"회수 메타데이터 {\"recallerEno\":\"E1\",\"recallDtm\":\"2026-09-06T00:00:00\"}를 거부한다","duration":0.06960000000003674,"failureMessages":[],"meta":{},"tags":[]},{"ancestorTitles":["v2 엄격한 저장 계약"],"fullName":"v2 엄격한 저장 계약 회수 메타데이터 {\"recallerEno\":\"E1\",\"recallDtm\":\"2026-09-06T00:00:00\",\"recallOpnn\":null,\"extra\":true}를 거부한다","status":"passed","title":"회수 메타데이터 {\"recallerEno\":\"E1\",\"recallDtm\":\"2026-09-06T00:00:00\",\"recallOpnn\":null,\"extra\":true}를 거부한다","duration":0.09979999999995925,"failureMessages":[],"meta":{},"tags":[]},{"ancestorTitles":["v2 엄격한 저장 계약"],"fullName":"v2 엄격한 저장 계약 유효한 회수 시각 2026-09-06T01:02를 허용한다","status":"passed","title":"유효한 회수 시각 2026-09-06T01:02를 허용한다","duration":2.376600000000053,"failureMessages":[],"meta":{},"tags":[]},{"ancestorTitles":["v2 엄격한 저장 계약"],"fullName":"v2 엄격한 저장 계약 유효한 회수 시각 2026-09-06T01:02:03.123456789를 허용한다","status":"passed","title":"유효한 회수 시각 2026-09-06T01:02:03.123456789를 허용한다","duration":1.381900000000087,"failureMessages":[],"meta":{},"tags":[]},{"ancestorTitles":["v2 엄격한 저장 계약"],"fullName":"v2 엄격한 저장 계약 원장 상관관계 projectRevision 오류를 거부한다","status":"passed","title":"원장 상관관계 projectRevision 오류를 거부한다","duration":0.6025999999999385,"failureMessages":[],"meta":{},"tags":[]},{"ancestorTitles":["v2 엄격한 저장 계약"],"fullName":"v2 엄격한 저장 계약 원장 상관관계 terminalRevision 오류를 거부한다","status":"passed","title":"원장 상관관계 terminalRevision 오류를 거부한다","duration":0.2481999999999971,"failureMessages":[],"meta":{},"tags":[]},{"ancestorTitles":["v2 엄격한 저장 계약"],"fullName":"v2 엄격한 저장 계약 원장 상관관계 itemDuplicate 오류를 거부한다","status":"passed","title":"원장 상관관계 itemDuplicate 오류를 거부한다","duration":0.1596999999999298,"failureMessages":[],"meta":{},"tags":[]},{"ancestorTitles":["v2 엄격한 저장 계약"],"fullName":"v2 엄격한 저장 계약 원장 상관관계 terminalDuplicate 오류를 거부한다","status":"passed","title":"원장 상관관계 terminalDuplicate 오류를 거부한다","duration":0.13570000000004256,"failureMessages":[],"meta":{},"tags":[]},{"ancestorTitles":["v2 엄격한 저장 계약"],"fullName":"v2 엄격한 저장 계약 원장 상관관계 parentDuplicate 오류를 거부한다","status":"passed","title":"원장 상관관계 parentDuplicate 오류를 거부한다","duration":0.13589999999999236,"failureMessages":[],"meta":{},"tags":[]},{"ancestorTitles":["v2 엄격한 저장 계약"],"fullName":"v2 엄격한 저장 계약 원장 상관관계 sourceDuplicate 오류를 거부한다","status":"passed","title":"원장 상관관계 sourceDuplicate 오류를 거부한다","duration":0.12419999999997344,"failureMessages":[],"meta":{},"tags":[]},{"ancestorTitles":["v2 엄격한 저장 계약"],"fullName":"v2 엄격한 저장 계약 원장 상관관계 sourceOrder 오류를 거부한다","status":"passed","title":"원장 상관관계 sourceOrder 오류를 거부한다","duration":0.10850000000004911,"failureMessages":[],"meta":{},"tags":[]},{"ancestorTitles":["v2 엄격한 저장 계약"],"fullName":"v2 엄격한 저장 계약 원장 상관관계 sourceMissing 오류를 거부한다","status":"passed","title":"원장 상관관계 sourceMissing 오류를 거부한다","duration":0.13139999999998508,"failureMessages":[],"meta":{},"tags":[]},{"ancestorTitles":["v2 엄격한 저장 계약"],"fullName":"v2 엄격한 저장 계약 원장 상관관계 sourceRevision 오류를 거부한다","status":"passed","title":"원장 상관관계 sourceRevision 오류를 거부한다","duration":0.7048999999999523,"failureMessages":[],"meta":{},"tags":[]},{"ancestorTitles":["v2 엄격한 저장 계약"],"fullName":"v2 엄격한 저장 계약 원장 상관관계 sourceKind 오류를 거부한다","status":"passed","title":"원장 상관관계 sourceKind 오류를 거부한다","duration":0.5873000000001412,"failureMessages":[],"meta":{},"tags":[]},{"ancestorTitles":["v2 엄격한 저장 계약"],"fullName":"v2 엄격한 저장 계약 원장 상관관계 payloadExtra 오류를 거부한다","status":"passed","title":"원장 상관관계 payloadExtra 오류를 거부한다","duration":0.4136999999998352,"failureMessages":[],"meta":{},"tags":[]},{"ancestorTitles":["v2 엄격한 저장 계약"],"fullName":"v2 엄격한 저장 계약 원장 상관관계 emptyPayload 오류를 거부한다","status":"passed","title":"원장 상관관계 emptyPayload 오류를 거부한다","duration":0.9048000000000229,"failureMessages":[],"meta":{},"tags":[]},{"ancestorTitles":["v2 엄격한 저장 계약"],"fullName":"v2 엄격한 저장 계약 그룹 배열과 다른 교차 원장 순서는 식별자 집합으로 검증한다","status":"passed","title":"그룹 배열과 다른 교차 원장 순서는 식별자 집합으로 검증한다","duration":1.9221999999999753,"failureMessages":[],"meta":{},"tags":[]},{"ancestorTitles":["v2 엄격한 저장 계약"],"fullName":"v2 엄격한 저장 계약 표시 정밀도를 잃는 100000000000000.125를 거부한다","status":"passed","title":"표시 정밀도를 잃는 100000000000000.125를 거부한다","duration":0.8760999999999513,"failureMessages":[],"meta":{},"tags":[]},{"ancestorTitles":["v2 엄격한 저장 계약"],"fullName":"v2 엄격한 저장 계약 표시 정밀도를 잃는 -100000000000000.125를 거부한다","status":"passed","title":"표시 정밀도를 잃는 -100000000000000.125를 거부한다","duration":0.8251999999999953,"failureMessages":[],"meta":{},"tags":[]},{"ancestorTitles":["v2 엄격한 저장 계약"],"fullName":"v2 엄격한 저장 계약 표시 정밀도를 잃는 9007199254740.991를 거부한다","status":"passed","title":"표시 정밀도를 잃는 9007199254740.991를 거부한다","duration":1.2438999999999396,"failureMessages":[],"meta":{},"tags":[]},{"ancestorTitles":["v2 엄격한 저장 계약"],"fullName":"v2 엄격한 저장 계약 표시 정밀도를 잃는 -9007199254740.991를 거부한다","status":"passed","title":"표시 정밀도를 잃는 -9007199254740.991를 거부한다","duration":0.5641000000000531,"failureMessages":[],"meta":{},"tags":[]},{"ancestorTitles":["v2 엄격한 저장 계약"],"fullName":"v2 엄격한 저장 계약 안전 경계 1000000000000.000는 정확하게 변환한다","status":"passed","title":"안전 경계 1000000000000.000는 정확하게 변환한다","duration":0.7087999999998829,"failureMessages":[],"meta":{},"tags":[]},{"ancestorTitles":["v2 엄격한 저장 계약"],"fullName":"v2 엄격한 저장 계약 안전 경계 -1000000000000.000는 정확하게 변환한다","status":"passed","title":"안전 경계 -1000000000000.000는 정확하게 변환한다","duration":1.3684999999998126,"failureMessages":[],"meta":{},"tags":[]},{"ancestorTitles":["v2 엄격한 저장 계약"],"fullName":"v2 엄격한 저장 계약 안전 경계 -0.001는 정확하게 변환한다","status":"passed","title":"안전 경계 -0.001는 정확하게 변환한다","duration":1.141099999999824,"failureMessages":[],"meta":{},"tags":[]},{"ancestorTitles":["v2 엄격한 저장 계약"],"fullName":"v2 엄격한 저장 계약 안전 경계 0.001는 정확하게 변환한다","status":"passed","title":"안전 경계 0.001는 정확하게 변환한다","duration":1.1405999999999494,"failureMessages":[],"meta":{},"tags":[]},{"ancestorTitles":["v3 원장 저장 계약"],"fullName":"v3 원장 저장 계약 nullable 필수 키 목록이 생성 계약 전체와 일치한다","status":"passed","title":"nullable 필수 키 목록이 생성 계약 전체와 일치한다","duration":0.4895000000001346,"failureMessages":[],"meta":{},"tags":[]},{"ancestorTitles":["v3 원장 저장 계약"],"fullName":"v3 원장 저장 계약 사업 필수 키 assetBudget 누락을 거부한다","status":"passed","title":"사업 필수 키 assetBudget 누락을 거부한다","duration":0.7371999999998025,"failureMessages":[],"meta":{},"tags":[]},{"ancestorTitles":["v3 원장 저장 계약"],"fullName":"v3 원장 저장 계약 사업 필수 키 baseYear 누락을 거부한다","status":"passed","title":"사업 필수 키 baseYear 누락을 거부한다","duration":0.4152999999998883,"failureMessages":[],"meta":{},"tags":[]},{"ancestorTitles":["v3 원장 저장 계약"],"fullName":"v3 원장 저장 계약 사업 필수 키 costBudget 누락을 거부한다","status":"passed","title":"사업 필수 키 costBudget 누락을 거부한다","duration":0.3835999999998876,"failureMessages":[],"meta":{},"tags":[]},{"ancestorTitles":["v3 원장 저장 계약"],"fullName":"v3 원장 저장 계약 사업 필수 키 deploymentYn 누락을 거부한다","status":"passed","title":"사업 필수 키 deploymentYn 누락을 거부한다","duration":0.33619999999996253,"failureMessages":[],"meta":{},"tags":[]},{"ancestorTitles":["v3 원장 저장 계약"],"fullName":"v3 원장 저장 계약 사업 필수 키 endDate 누락을 거부한다","status":"passed","title":"사업 필수 키 endDate 누락을 거부한다","duration":0.4936000000000149,"failureMessages":[],"meta":{},"tags":[]},{"ancestorTitles":["v3 원장 저장 계약"],"fullName":"v3 원장 저장 계약 사업 필수 키 expectedEffect 누락을 거부한다","status":"passed","title":"사업 필수 키 expectedEffect 누락을 거부한다","duration":0.30769999999984066,"failureMessages":[],"meta":{},"tags":[]},{"ancestorTitles":["v3 원장 저장 계약"],"fullName":"v3 원장 저장 계약 사업 필수 키 feasibilityDate 누락을 거부한다","status":"passed","title":"사업 필수 키 feasibilityDate 누락을 거부한다","duration":0.19810000000006767,"failureMessages":[],"meta":{},"tags":[]},{"ancestorTitles":["v3 원장 저장 계약"],"fullName":"v3 원장 저장 계약 사업 필수 키 mainProgress 누락을 거부한다","status":"passed","title":"사업 필수 키 mainProgress 누락을 거부한다","duration":0.2958000000000993,"failureMessages":[],"meta":{},"tags":[]},{"ancestorTitles":["v3 원장 저장 계약"],"fullName":"v3 원장 저장 계약 사업 필수 키 name 누락을 거부한다","status":"passed","title":"사업 필수 키 name 누락을 거부한다","duration":0.3180999999999585,"failureMessages":[],"meta":{},"tags":[]},{"ancestorTitles":["v3 원장 저장 계약"],"fullName":"v3 원장 저장 계약 사업 필수 키 necessity 누락을 거부한다","status":"passed","title":"사업 필수 키 necessity 누락을 거부한다","duration":0.5147999999999229,"failureMessages":[],"meta":{},"tags":[]},{"ancestorTitles":["v3 원장 저장 계약"],"fullName":"v3 원장 저장 계약 사업 필수 키 ordinaryYn 누락을 거부한다","status":"passed","title":"사업 필수 키 ordinaryYn 누락을 거부한다","duration":0.5323000000000775,"failureMessages":[],"meta":{},"tags":[]},{"ancestorTitles":["v3 원장 저장 계약"],"fullName":"v3 원장 저장 계약 사업 필수 키 outline 누락을 거부한다","status":"passed","title":"사업 필수 키 outline 누락을 거부한다","duration":0.35980000000017753,"failureMessages":[],"meta":{},"tags":[]},{"ancestorTitles":["v3 원장 저장 계약"],"fullName":"v3 원장 저장 계약 사업 필수 키 projectBudget 누락을 거부한다","status":"passed","title":"사업 필수 키 projectBudget 누락을 거부한다","duration":0.41190000000005966,"failureMessages":[],"meta":{},"tags":[]},{"ancestorTitles":["v3 원장 저장 계약"],"fullName":"v3 원장 저장 계약 사업 필수 키 purpose 누락을 거부한다","status":"passed","title":"사업 필수 키 purpose 누락을 거부한다","duration":0.3512000000000626,"failureMessages":[],"meta":{},"tags":[]},{"ancestorTitles":["v3 원장 저장 계약"],"fullName":"v3 원장 저장 계약 사업 필수 키 scope 누락을 거부한다","status":"passed","title":"사업 필수 키 scope 누락을 거부한다","duration":0.2942000000000462,"failureMessages":[],"meta":{},"tags":[]},{"ancestorTitles":["v3 원장 저장 계약"],"fullName":"v3 원장 저장 계약 사업 필수 키 security 누락을 거부한다","status":"passed","title":"사업 필수 키 security 누락을 거부한다","duration":0.2378000000001066,"failureMessages":[],"meta":{},"tags":[]},{"ancestorTitles":["v3 원장 저장 계약"],"fullName":"v3 원장 저장 계약 사업 필수 키 startDate 누락을 거부한다","status":"passed","title":"사업 필수 키 startDate 누락을 거부한다","duration":0.330600000000004,"failureMessages":[],"meta":{},"tags":[]},{"ancestorTitles":["v3 원장 저장 계약"],"fullName":"v3 원장 저장 계약 사업 필수 키 workforcePlan 누락을 거부한다","status":"passed","title":"사업 필수 키 workforcePlan 누락을 거부한다","duration":0.25040000000012697,"failureMessages":[],"meta":{},"tags":[]},{"ancestorTitles":["v3 원장 저장 계약"],"fullName":"v3 원장 저장 계약 전산업무비 필수 키 assetBudget 누락을 거부한다","status":"passed","title":"전산업무비 필수 키 assetBudget 누락을 거부한다","duration":1.1271999999999025,"failureMessages":[],"meta":{},"tags":[]},{"ancestorTitles":["v3 원장 저장 계약"],"fullName":"v3 원장 저장 계약 전산업무비 필수 키 baseYear 누락을 거부한다","status":"passed","title":"전산업무비 필수 키 baseYear 누락을 거부한다","duration":0.8580000000001746,"failureMessages":[],"meta":{},"tags":[]},{"ancestorTitles":["v3 원장 저장 계약"],"fullName":"v3 원장 저장 계약 전산업무비 필수 키 costBudget 누락을 거부한다","status":"passed","title":"전산업무비 필수 키 costBudget 누락을 거부한다","duration":0.631900000000087,"failureMessages":[],"meta":{},"tags":[]},{"ancestorTitles":["v3 원장 저장 계약"],"fullName":"v3 원장 저장 계약 전산업무비 필수 키 counterparty 누락을 거부한다","status":"passed","title":"전산업무비 필수 키 counterparty 누락을 거부한다","duration":0.26050000000009277,"failureMessages":[],"meta":{},"tags":[]},{"ancestorTitles":["v3 원장 저장 계약"],"fullName":"v3 원장 저장 계약 전산업무비 필수 키 currency 누락을 거부한다","status":"passed","title":"전산업무비 필수 키 currency 누락을 거부한다","duration":0.4701000000000022,"failureMessages":[],"meta":{},"tags":[]},{"ancestorTitles":["v3 원장 저장 계약"],"fullName":"v3 원장 저장 계약 전산업무비 필수 키 exchangeRate 누락을 거부한다","status":"passed","title":"전산업무비 필수 키 exchangeRate 누락을 거부한다","duration":0.615099999999984,"failureMessages":[],"meta":{},"tags":[]},{"ancestorTitles":["v3 원장 저장 계약"],"fullName":"v3 원장 저장 계약 전산업무비 필수 키 exchangeRateBaseDate 누락을 거부한다","status":"passed","title":"전산업무비 필수 키 exchangeRateBaseDate 누락을 거부한다","duration":0.25700000000006185,"failureMessages":[],"meta":{},"tags":[]},{"ancestorTitles":["v3 원장 저장 계약"],"fullName":"v3 원장 저장 계약 전산업무비 필수 키 firstDeferralDate 누락을 거부한다","status":"passed","title":"전산업무비 필수 키 firstDeferralDate 누락을 거부한다","duration":0.18450000000007094,"failureMessages":[],"meta":{},"tags":[]},{"ancestorTitles":["v3 원장 저장 계약"],"fullName":"v3 원장 저장 계약 전산업무비 필수 키 name 누락을 거부한다","status":"passed","title":"전산업무비 필수 키 name 누락을 거부한다","duration":0.1776999999999589,"failureMessages":[],"meta":{},"tags":[]},{"ancestorTitles":["v3 원장 저장 계약"],"fullName":"v3 원장 저장 계약 전산업무비 필수 키 reason 누락을 거부한다","status":"passed","title":"전산업무비 필수 키 reason 누락을 거부한다","duration":0.838799999999992,"failureMessages":[],"meta":{},"tags":[]},{"ancestorTitles":["v3 원장 저장 계약"],"fullName":"v3 원장 저장 계약 전산업무비 필수 키 securitySystemUseYn 누락을 거부한다","status":"passed","title":"전산업무비 필수 키 securitySystemUseYn 누락을 거부한다","duration":0.5296999999998206,"failureMessages":[],"meta":{},"tags":[]},{"ancestorTitles":["v3 원장 저장 계약"],"fullName":"v3 원장 저장 계약 전산업무비 필수 키 totalAmount 누락을 거부한다","status":"passed","title":"전산업무비 필수 키 totalAmount 누락을 거부한다","duration":0.531099999999924,"failureMessages":[],"meta":{},"tags":[]},{"ancestorTitles":["v3 원장 저장 계약"],"fullName":"v3 원장 저장 계약 단말기 필수 키 budgetAmount 누락을 거부한다","status":"passed","title":"단말기 필수 키 budgetAmount 누락을 거부한다","duration":0.7907999999999902,"failureMessages":[],"meta":{},"tags":[]},{"ancestorTitles":["v3 원장 저장 계약"],"fullName":"v3 원장 저장 계약 단말기 필수 키 currency 누락을 거부한다","status":"passed","title":"단말기 필수 키 currency 누락을 거부한다","duration":0.5388000000000375,"failureMessages":[],"meta":{},"tags":[]},{"ancestorTitles":["v3 원장 저장 계약"],"fullName":"v3 원장 저장 계약 단말기 필수 키 exchangeRate 누락을 거부한다","status":"passed","title":"단말기 필수 키 exchangeRate 누락을 거부한다","duration":0.5178000000000793,"failureMessages":[],"meta":{},"tags":[]},{"ancestorTitles":["v3 원장 저장 계약"],"fullName":"v3 원장 저장 계약 단말기 필수 키 foreignAmount 누락을 거부한다","status":"passed","title":"단말기 필수 키 foreignAmount 누락을 거부한다","duration":0.3874000000000706,"failureMessages":[],"meta":{},"tags":[]},{"ancestorTitles":["v3 원장 저장 계약"],"fullName":"v3 원장 저장 계약 단말기 필수 키 specification 누락을 거부한다","status":"passed","title":"단말기 필수 키 specification 누락을 거부한다","duration":0.46109999999998763,"failureMessages":[],"meta":{},"tags":[]},{"ancestorTitles":["v3 원장 저장 계약"],"fullName":"v3 원장 저장 계약 단말기 필수 키 usage 누락을 거부한다","status":"passed","title":"단말기 필수 키 usage 누락을 거부한다","duration":0.35969999999997526,"failureMessages":[],"meta":{},"tags":[]},{"ancestorTitles":["v3 원장 저장 계약"],"fullName":"v3 원장 저장 계약 Project, Cost, Terminal의 nullable 필수 키에 명시적 null을 허용한다","status":"passed","title":"Project, Cost, Terminal의 nullable 필수 키에 명시적 null을 허용한다","duration":2.1567999999999756,"failureMessages":[],"meta":{},"tags":[]},{"ancestorTitles":["v3 원장 저장 계약"],"fullName":"v3 원장 저장 계약 기안자 date 키가 없는 v3 문서를 허용한다","status":"passed","title":"기안자 date 키가 없는 v3 문서를 허용한다","duration":2.2144999999998163,"failureMessages":[],"meta":{},"tags":[]},{"ancestorTitles":["v3 원장 저장 계약"],"fullName":"v3 원장 저장 계약 추가 원장 문자열 컬럼을 허용한다","status":"passed","title":"추가 원장 문자열 컬럼을 허용한다","duration":2.9881000000000313,"failureMessages":[],"meta":{},"tags":[]},{"ancestorTitles":["v3 원장 저장 계약"],"fullName":"v3 원장 저장 계약 추가 원장 숫자 컬럼을 허용한다","status":"passed","title":"추가 원장 숫자 컬럼을 허용한다","duration":1.5138999999999214,"failureMessages":[],"meta":{},"tags":[]},{"ancestorTitles":["v3 원장 저장 계약"],"fullName":"v3 원장 저장 계약 추가 원장 불리언 컬럼을 허용한다","status":"passed","title":"추가 원장 불리언 컬럼을 허용한다","duration":0.79099999999994,"failureMessages":[],"meta":{},"tags":[]},{"ancestorTitles":["v3 원장 저장 계약"],"fullName":"v3 원장 저장 계약 추가 원장 null 컬럼을 허용한다","status":"passed","title":"추가 원장 null 컬럼을 허용한다","duration":0.6440999999999804,"failureMessages":[],"meta":{},"tags":[]},{"ancestorTitles":["v3 원장 저장 계약"],"fullName":"v3 원장 저장 계약 미래 버전에 추가되는 선택 원장 컬럼이 없는 문서도 허용한다","status":"passed","title":"미래 버전에 추가되는 선택 원장 컬럼이 없는 문서도 허용한다","duration":0.8437999999998738,"failureMessages":[],"meta":{},"tags":[]},{"ancestorTitles":["v3 원장 저장 계약"],"fullName":"v3 원장 저장 계약 활성 관련 CFILEM 원장 행과 첨부 필드가 없는 기존 v3 문서를 모두 허용한다","status":"passed","title":"활성 관련 CFILEM 원장 행과 첨부 필드가 없는 기존 v3 문서를 모두 허용한다","duration":3.4259000000001834,"failureMessages":[],"meta":{},"tags":[]},{"ancestorTitles":["v3 원장 저장 계약"],"fullName":"v3 원장 저장 계약 삭제 파일 CFILEM 원장 행을 거부한다","status":"passed","title":"삭제 파일 CFILEM 원장 행을 거부한다","duration":0.7936999999999443,"failureMessages":[],"meta":{},"tags":[]},{"ancestorTitles":["v3 원장 저장 계약"],"fullName":"v3 원장 저장 계약 다른 연결 대상 CFILEM 원장 행을 거부한다","status":"passed","title":"다른 연결 대상 CFILEM 원장 행을 거부한다","duration":0.7151000000001204,"failureMessages":[],"meta":{},"tags":[]},{"ancestorTitles":["v3 원장 저장 계약"],"fullName":"v3 원장 저장 계약 다른 첨부 종류 CFILEM 원장 행을 거부한다","status":"passed","title":"다른 첨부 종류 CFILEM 원장 행을 거부한다","duration":0.5428000000001703,"failureMessages":[],"meta":{},"tags":[]},{"ancestorTitles":["v3 원장 저장 계약"],"fullName":"v3 원장 저장 계약 다른 테이블 CFILEM 구조를 거부한다","status":"passed","title":"다른 테이블 CFILEM 구조를 거부한다","duration":0.8410000000001219,"failureMessages":[],"meta":{},"tags":[]},{"ancestorTitles":["v3 원장 저장 계약"],"fullName":"v3 원장 저장 계약 빈 파일 ID CFILEM 구조를 거부한다","status":"passed","title":"빈 파일 ID CFILEM 구조를 거부한다","duration":0.6026000000001659,"failureMessages":[],"meta":{},"tags":[]},{"ancestorTitles":["v3 원장 저장 계약"],"fullName":"v3 원장 저장 계약 중복 파일 ID CFILEM 구조를 거부한다","status":"passed","title":"중복 파일 ID CFILEM 구조를 거부한다","duration":0.7122999999999138,"failureMessages":[],"meta":{},"tags":[]},{"ancestorTitles":["v3 원장 저장 계약"],"fullName":"v3 원장 저장 계약 비스칼라 컬럼 CFILEM 구조를 거부한다","status":"passed","title":"비스칼라 컬럼 CFILEM 구조를 거부한다","duration":0.5752999999999702,"failureMessages":[],"meta":{},"tags":[]},{"ancestorTitles":["v3 원장 저장 계약"],"fullName":"v3 원장 저장 계약 비스칼라 원장 컬럼 {}을 거부한다","status":"passed","title":"비스칼라 원장 컬럼 {}을 거부한다","duration":0.5591999999999189,"failureMessages":[],"meta":{},"tags":[]},{"ancestorTitles":["v3 원장 저장 계약"],"fullName":"v3 원장 저장 계약 비스칼라 원장 컬럼 []을 거부한다","status":"passed","title":"비스칼라 원장 컬럼 []을 거부한다","duration":0.39190000000007785,"failureMessages":[],"meta":{},"tags":[]},{"ancestorTitles":["v3 원장 저장 계약"],"fullName":"v3 원장 저장 계약 비스칼라 원장 컬럼 {\"nested\":true}을 거부한다","status":"passed","title":"비스칼라 원장 컬럼 {\"nested\":true}을 거부한다","duration":0.40990000000010696,"failureMessages":[],"meta":{},"tags":[]},{"ancestorTitles":["v3 원장 저장 계약"],"fullName":"v3 원장 저장 계약 aggregate 종류 손상을 거부한다","status":"passed","title":"aggregate 종류 손상을 거부한다","duration":0.9418000000000575,"failureMessages":[],"meta":{},"tags":[]},{"ancestorTitles":["v3 원장 저장 계약"],"fullName":"v3 원장 저장 계약 부모 테이블 손상을 거부한다","status":"passed","title":"부모 테이블 손상을 거부한다","duration":0.5835999999999331,"failureMessages":[],"meta":{},"tags":[]},{"ancestorTitles":["v3 원장 저장 계약"],"fullName":"v3 원장 저장 계약 부모 복합키 손상을 거부한다","status":"passed","title":"부모 복합키 손상을 거부한다","duration":0.6854000000000724,"failureMessages":[],"meta":{},"tags":[]},{"ancestorTitles":["v3 원장 저장 계약"],"fullName":"v3 원장 저장 계약 자식 테이블 손상을 거부한다","status":"passed","title":"자식 테이블 손상을 거부한다","duration":0.6189999999999145,"failureMessages":[],"meta":{},"tags":[]},{"ancestorTitles":["v3 원장 저장 계약"],"fullName":"v3 원장 저장 계약 자식 복합키 손상을 거부한다","status":"passed","title":"자식 복합키 손상을 거부한다","duration":0.7311999999999443,"failureMessages":[],"meta":{},"tags":[]},{"ancestorTitles":["v3 원장 저장 계약"],"fullName":"v3 원장 저장 계약 aggregate 누락 손상을 거부한다","status":"passed","title":"aggregate 누락 손상을 거부한다","duration":0.40170000000011896,"failureMessages":[],"meta":{},"tags":[]},{"ancestorTitles":["v3 원장 저장 계약"],"fullName":"v3 원장 저장 계약 자식 중복 손상을 거부한다","status":"passed","title":"자식 중복 손상을 거부한다","duration":0.696999999999889,"failureMessages":[],"meta":{},"tags":[]}],"startTime":1789467242679,"endTime":1789467242790.697,"status":"passed","message":"","name":"C:/it/it_frontend/tests/unit/utils/itBudgetSnapshotHardening.test.ts"},{"assertionResults":[{"ancestorTitles":["buildPdfRows"],"fullName":"buildPdfRows 페이지가 없으면 빈 배열을 반환한다","status":"passed","title":"페이지가 없으면 빈 배열을 반환한다","duration":1.3946999999998297,"failureMessages":[],"meta":{},"tags":[]},{"ancestorTitles":["buildPdfRows"],"fullName":"buildPdfRows single 보기는 페이지마다 한 행을 만들고 높이+간격만큼 top을 누적한다","status":"passed","title":"single 보기는 페이지마다 한 행을 만들고 높이+간격만큼 top을 누적한다","duration":0.29099999999994,"failureMessages":[],"meta":{},"tags":[]},{"ancestorTitles":["buildPdfRows"],"fullName":"buildPdfRows double 보기는 홀수 페이지를 왼쪽으로 두 장씩 묶고, 마지막 홀수 페이지는 한 장으로 남긴다","status":"passed","title":"double 보기는 홀수 페이지를 왼쪽으로 두 장씩 묶고, 마지막 홀수 페이지는 한 장으로 남긴다","duration":0.1590000000001055,"failureMessages":[],"meta":{},"tags":[]},{"ancestorTitles":["buildPdfRows"],"fullName":"buildPdfRows 프레젠테이션은 지정 페이지 한 장짜리 행 하나만 만든다","status":"passed","title":"프레젠테이션은 지정 페이지 한 장짜리 행 하나만 만든다","duration":0.12879999999995562,"failureMessages":[],"meta":{},"tags":[]},{"ancestorTitles":["buildPdfRows"],"fullName":"buildPdfRows 프레젠테이션 페이지가 페이지 수를 넘으면 마지막 페이지로 보정한다","status":"passed","title":"프레젠테이션 페이지가 페이지 수를 넘으면 마지막 페이지로 보정한다","duration":0.1696999999999207,"failureMessages":[],"meta":{},"tags":[]},{"ancestorTitles":["rowRangeIn"],"fullName":"rowRangeIn 구간이 한 행과만 부분적으로 겹치면 그 행 인덱스만 돌려준다","status":"passed","title":"구간이 한 행과만 부분적으로 겹치면 그 행 인덱스만 돌려준다","duration":0.1588000000001557,"failureMessages":[],"meta":{},"tags":[]},{"ancestorTitles":["rowRangeIn"],"fullName":"rowRangeIn 구간이 여러 행에 걸치면 처음과 마지막 인덱스를 돌려준다","status":"passed","title":"구간이 여러 행에 걸치면 처음과 마지막 인덱스를 돌려준다","duration":0.08539999999993597,"failureMessages":[],"meta":{},"tags":[]},{"ancestorTitles":["rowRangeIn"],"fullName":"rowRangeIn 행 사이 간격(경계에 닿기만 함)은 겹침으로 치지 않는다","status":"passed","title":"행 사이 간격(경계에 닿기만 함)은 겹침으로 치지 않는다","duration":0.07550000000014734,"failureMessages":[],"meta":{},"tags":[]},{"ancestorTitles":["rowRangeIn"],"fullName":"rowRangeIn 모든 행보다 뒤에 있는 구간은 null을 돌려준다","status":"passed","title":"모든 행보다 뒤에 있는 구간은 null을 돌려준다","duration":0.09110000000009677,"failureMessages":[],"meta":{},"tags":[]},{"ancestorTitles":["visibleFraction"],"fullName":"visibleFraction 행 전체가 뷰포트 안에 있으면 1 이상이다","status":"passed","title":"행 전체가 뷰포트 안에 있으면 1 이상이다","duration":0.1957999999999629,"failureMessages":[],"meta":{},"tags":[]},{"ancestorTitles":["visibleFraction"],"fullName":"visibleFraction 행이 일부만 겹치면 겹친 비율만 돌려준다","status":"passed","title":"행이 일부만 겹치면 겹친 비율만 돌려준다","duration":0.07089999999993779,"failureMessages":[],"meta":{},"tags":[]},{"ancestorTitles":["visibleFraction"],"fullName":"visibleFraction 전혀 겹치지 않으면 음수 대신 0을 돌려준다","status":"passed","title":"전혀 겹치지 않으면 음수 대신 0을 돌려준다","duration":0.04739999999992506,"failureMessages":[],"meta":{},"tags":[]},{"ancestorTitles":["resolvePdfScale"],"fullName":"resolvePdfScale auto는 폭 맞춤 배율을 125% 상한으로 자른다","status":"passed","title":"auto는 폭 맞춤 배율을 125% 상한으로 자른다","duration":0.10790000000019973,"failureMessages":[],"meta":{},"tags":[]},{"ancestorTitles":["resolvePdfScale"],"fullName":"resolvePdfScale fit-width는 상한 없이 컨테이너 폭에 맞춘 배율을 돌려준다","status":"passed","title":"fit-width는 상한 없이 컨테이너 폭에 맞춘 배율을 돌려준다","duration":0.0465999999998985,"failureMessages":[],"meta":{},"tags":[]},{"ancestorTitles":["resolvePdfScale"],"fullName":"resolvePdfScale page-fit은 폭·높이 배율 중 작은 쪽을 돌려준다","status":"passed","title":"page-fit은 폭·높이 배율 중 작은 쪽을 돌려준다","duration":0.04020000000014079,"failureMessages":[],"meta":{},"tags":[]},{"ancestorTitles":["resolvePdfScale"],"fullName":"resolvePdfScale actual은 콘텐츠·영역 크기와 무관하게 항상 1이다","status":"passed","title":"actual은 콘텐츠·영역 크기와 무관하게 항상 1이다","duration":0.03559999999993124,"failureMessages":[],"meta":{},"tags":[]},{"ancestorTitles":["resolvePdfScale"],"fullName":"resolvePdfScale custom은 계산 없이 지정한 배율을 그대로 돌려준다","status":"passed","title":"custom은 계산 없이 지정한 배율을 그대로 돌려준다","duration":0.03759999999988395,"failureMessages":[],"meta":{},"tags":[]},{"ancestorTitles":["resolvePdfScale"],"fullName":"resolvePdfScale 가로 페이지의 auto는 폭 맞춤 대신 페이지 맞춤(작은 쪽) 배율을 쓴다","status":"passed","title":"가로 페이지의 auto는 폭 맞춤 대신 페이지 맞춤(작은 쪽) 배율을 쓴다","duration":0.044000000000096406,"failureMessages":[],"meta":{},"tags":[]}],"startTime":1789467251108,"endTime":1789467251111.1958,"status":"passed","message":"","name":"C:/it/it_frontend/tests/unit/utils/pdfLayout.test.ts"},{"assertionResults":[{"ancestorTitles":["personInCharge"],"fullName":"personInCharge 부서공용은 공백을 무시하고 판정한다","status":"passed","title":"부서공용은 공백을 무시하고 판정한다","duration":1.3491999999999962,"failureMessages":[],"meta":{},"tags":[]},{"ancestorTitles":["personInCharge"],"fullName":"personInCharge 이름만 있고 행번이 없으면 미해석 담당자다","status":"passed","title":"이름만 있고 행번이 없으면 미해석 담당자다","duration":0.34580000000005384,"failureMessages":[],"meta":{},"tags":[]},{"ancestorTitles":["personInCharge"],"fullName":"personInCharge 행번이 있거나 양쪽이 비어 있거나 부서공용이면 미해석이 아니다","status":"passed","title":"행번이 있거나 양쪽이 비어 있거나 부서공용이면 미해석이 아니다","duration":0.18870000000003984,"failureMessages":[],"meta":{},"tags":[]},{"ancestorTitles":["personInCharge"],"fullName":"personInCharge 행번 자리에 이름이 들어 있으면(레거시 단말기 행) 행번이 없는 것으로 본다","status":"passed","title":"행번 자리에 이름이 들어 있으면(레거시 단말기 행) 행번이 없는 것으로 본다","duration":0.183400000000006,"failureMessages":[],"meta":{},"tags":[]},{"ancestorTitles":["personInCharge"],"fullName":"personInCharge allowShared를 끄면 부서공용도 행번이 없으면 미해석이다 (정보화사업)","status":"passed","title":"allowShared를 끄면 부서공용도 행번이 없으면 미해석이다 (정보화사업)","duration":0.1573999999999387,"failureMessages":[],"meta":{},"tags":[]}],"startTime":1789467252106,"endTime":1789467252109.1575,"status":"passed","message":"","name":"C:/it/it_frontend/tests/unit/utils/personInCharge.test.ts"},{"assertionResults":[{"ancestorTitles":["useApiFetchRefreshCoordinator — 재시도 유한성 (ERR-14)"],"fullName":"useApiFetchRefreshCoordinator — 재시도 유한성 (ERR-14) 갱신 성공 후 재시도가 다시 401을 내도 무한 반복하지 않고 세션을 종료한다","status":"passed","title":"갱신 성공 후 재시도가 다시 401을 내도 무한 반복하지 않고 세션을 종료한다","duration":3.4150999999999385,"failureMessages":[],"meta":{},"tags":[]},{"ancestorTitles":["useApiFetchRefreshCoordinator — 재시도 유한성 (ERR-14)"],"fullName":"useApiFetchRefreshCoordinator — 재시도 유한성 (ERR-14) 갱신이 실패하면 재시도 없이 세션을 한 번만 종료한다","status":"passed","title":"갱신이 실패하면 재시도 없이 세션을 한 번만 종료한다","duration":0.6924999999998818,"failureMessages":[],"meta":{},"tags":[]},{"ancestorTitles":["useApiFetchRefreshCoordinator — 재시도 유한성 (ERR-14)"],"fullName":"useApiFetchRefreshCoordinator — 재시도 유한성 (ERR-14) 401이 아닌 응답은 주기를 시작하지 않는다","status":"passed","title":"401이 아닌 응답은 주기를 시작하지 않는다","duration":0.9627000000000407,"failureMessages":[],"meta":{},"tags":[]},{"ancestorTitles":["useApiFetchRefreshCoordinator — 재시도 유한성 (ERR-14)"],"fullName":"useApiFetchRefreshCoordinator — 재시도 유한성 (ERR-14) 명시적 retry callback을 한 번만 실행하고 결과를 호출자에게 전달한다","status":"passed","title":"명시적 retry callback을 한 번만 실행하고 결과를 호출자에게 전달한다","duration":0.49260000000003856,"failureMessages":[],"meta":{},"tags":[]},{"ancestorTitles":["useApiFetchRefreshCoordinator — 재시도 유한성 (ERR-14)"],"fullName":"useApiFetchRefreshCoordinator — 재시도 유한성 (ERR-14) 명시적 retry callback이 401을 반환하면 세션 종료를 한 번만 실행한다","status":"passed","title":"명시적 retry callback이 401을 반환하면 세션 종료를 한 번만 실행한다","duration":0.4977000000001226,"failureMessages":[],"meta":{},"tags":[]},{"ancestorTitles":["useApiFetchRefreshCoordinator — 재시도 유한성 (ERR-14)"],"fullName":"useApiFetchRefreshCoordinator — 재시도 유한성 (ERR-14) 갱신 Promise가 일시적 오류로 거부되면 오류를 전파하고 세션을 종료하지 않는다","status":"passed","title":"갱신 Promise가 일시적 오류로 거부되면 오류를 전파하고 세션을 종료하지 않는다","duration":0.5798999999999523,"failureMessages":[],"meta":{},"tags":[]}],"startTime":1789467249455,"endTime":1789467249462.5798,"status":"passed","message":"","name":"C:/it/it_frontend/tests/unit/composables/useApiFetchRefreshCoordinator.test.ts"},{"assertionResults":[{"ancestorTitles":["useBudgetApprovalPage","unifiedItems"],"fullName":"useBudgetApprovalPage unifiedItems 정보화사업(경상 포함)·전산업무비를 통합 목록으로 매핑한다","status":"passed","title":"정보화사업(경상 포함)·전산업무비를 통합 목록으로 매핑한다","duration":6.84050000000002,"failureMessages":[],"meta":{},"tags":[]},{"ancestorTitles":["useBudgetApprovalPage","unifiedItems"],"fullName":"useBudgetApprovalPage unifiedItems 결재현황 표시를 위해 작성완료와 임시저장 상태를 통합 항목에 매핑한다","status":"passed","title":"결재현황 표시를 위해 작성완료와 임시저장 상태를 통합 항목에 매핑한다","duration":1.1996999999998934,"failureMessages":[],"meta":{},"tags":[]},{"ancestorTitles":["useBudgetApprovalPage","unifiedItems"],"fullName":"useBudgetApprovalPage unifiedItems 전산업무비 costBgNo가 없으면 링크가 목록 페이지로 대체된다","status":"passed","title":"전산업무비 costBgNo가 없으면 링크가 목록 페이지로 대체된다","duration":0.6198000000001684,"failureMessages":[],"meta":{},"tags":[]},{"ancestorTitles":["useBudgetApprovalPage","formatBudget / getPrjTypeClass"],"fullName":"useBudgetApprovalPage formatBudget / getPrjTypeClass null 금액은 대시로 표시한다","status":"passed","title":"null 금액은 대시로 표시한다","duration":0.5908999999999196,"failureMessages":[],"meta":{},"tags":[]},{"ancestorTitles":["useBudgetApprovalPage","formatBudget / getPrjTypeClass"],"fullName":"useBudgetApprovalPage formatBudget / getPrjTypeClass 화면 금액은 locale 변경 시 선택한 localeTag의 구분자로 다시 표시한다","status":"passed","title":"화면 금액은 locale 변경 시 선택한 localeTag의 구분자로 다시 표시한다","duration":4.307099999999991,"failureMessages":[],"meta":{},"tags":[]},{"ancestorTitles":["useBudgetApprovalPage","formatBudget / getPrjTypeClass"],"fullName":"useBudgetApprovalPage formatBudget / getPrjTypeClass 신규/계속에 따라 다른 태그 클래스를 반환한다","status":"passed","title":"신규/계속에 따라 다른 태그 클래스를 반환한다","duration":0.8332000000000335,"failureMessages":[],"meta":{},"tags":[]},{"ancestorTitles":["useBudgetApprovalPage","formatBudget / getPrjTypeClass"],"fullName":"useBudgetApprovalPage formatBudget / getPrjTypeClass 해당없음 코드는 대시 라벨과 회색 태그로 표시한다","status":"passed","title":"해당없음 코드는 대시 라벨과 회색 태그로 표시한다","duration":0.6394000000000233,"failureMessages":[],"meta":{},"tags":[]},{"ancestorTitles":["useBudgetApprovalPage","hasInitialData"],"fullName":"useBudgetApprovalPage hasInitialData 로딩이 끝나면 최초 로드 완료 플래그가 켜진다","status":"passed","title":"로딩이 끝나면 최초 로드 완료 플래그가 켜진다","duration":0.511600000000044,"failureMessages":[],"meta":{},"tags":[]},{"ancestorTitles":["useBudgetApprovalPage","filteredItems / hasFilters / resetFilters"],"fullName":"useBudgetApprovalPage filteredItems / hasFilters / resetFilters 정보화사업의 팀명으로 부분 일치 검색한다","status":"passed","title":"정보화사업의 팀명으로 부분 일치 검색한다","duration":0.9994999999998981,"failureMessages":[],"meta":{},"tags":[]},{"ancestorTitles":["useBudgetApprovalPage","filteredItems / hasFilters / resetFilters"],"fullName":"useBudgetApprovalPage filteredItems / hasFilters / resetFilters 경상사업의 팀명으로 부분 일치 검색한다","status":"passed","title":"경상사업의 팀명으로 부분 일치 검색한다","duration":0.5675000000001091,"failureMessages":[],"meta":{},"tags":[]},{"ancestorTitles":["useBudgetApprovalPage","filteredItems / hasFilters / resetFilters"],"fullName":"useBudgetApprovalPage filteredItems / hasFilters / resetFilters 전산업무비의 팀명으로 부분 일치 검색한다","status":"passed","title":"전산업무비의 팀명으로 부분 일치 검색한다","duration":0.44479999999998654,"failureMessages":[],"meta":{},"tags":[]},{"ancestorTitles":["useBudgetApprovalPage","filteredItems / hasFilters / resetFilters"],"fullName":"useBudgetApprovalPage filteredItems / hasFilters / resetFilters 비관리자는 본인 부서 항목만 표시한다","status":"passed","title":"비관리자는 본인 부서 항목만 표시한다","duration":0.5282999999999447,"failureMessages":[],"meta":{},"tags":[]},{"ancestorTitles":["useBudgetApprovalPage","filteredItems / hasFilters / resetFilters"],"fullName":"useBudgetApprovalPage filteredItems / hasFilters / resetFilters 시스템관리자는 기본값으로 본인 소속 부서 항목만 표시한다","status":"passed","title":"시스템관리자는 기본값으로 본인 소속 부서 항목만 표시한다","duration":0.6578000000001794,"failureMessages":[],"meta":{},"tags":[]},{"ancestorTitles":["useBudgetApprovalPage","filteredItems / hasFilters / resetFilters"],"fullName":"useBudgetApprovalPage filteredItems / hasFilters / resetFilters 시스템관리자는 전체를 선택하면 모든 부서 항목을 표시한다","status":"passed","title":"시스템관리자는 전체를 선택하면 모든 부서 항목을 표시한다","duration":0.8564000000001215,"failureMessages":[],"meta":{},"tags":[]},{"ancestorTitles":["useBudgetApprovalPage","filteredItems / hasFilters / resetFilters"],"fullName":"useBudgetApprovalPage filteredItems / hasFilters / resetFilters 시스템관리자는 검색하여 선택한 담당부서 항목만 표시한다","status":"passed","title":"시스템관리자는 검색하여 선택한 담당부서 항목만 표시한다","duration":1.0656000000001313,"failureMessages":[],"meta":{},"tags":[]},{"ancestorTitles":["useBudgetApprovalPage","filteredItems / hasFilters / resetFilters"],"fullName":"useBudgetApprovalPage filteredItems / hasFilters / resetFilters 텍스트 검색은 사업명·담당부서명·담당자명을 모두 확인한다","status":"passed","title":"텍스트 검색은 사업명·담당부서명·담당자명을 모두 확인한다","duration":0.7776000000001204,"failureMessages":[],"meta":{},"tags":[]},{"ancestorTitles":["useBudgetApprovalPage","filteredItems / hasFilters / resetFilters"],"fullName":"useBudgetApprovalPage filteredItems / hasFilters / resetFilters 구분·신규계속·예산 범위 Drawer 필터를 적용한다","status":"passed","title":"구분·신규계속·예산 범위 Drawer 필터를 적용한다","duration":1.159800000000132,"failureMessages":[],"meta":{},"tags":[]},{"ancestorTitles":["useBudgetApprovalPage","filteredItems / hasFilters / resetFilters"],"fullName":"useBudgetApprovalPage filteredItems / hasFilters / resetFilters 예산연도가 다른 항목은 제외한다","status":"passed","title":"예산연도가 다른 항목은 제외한다","duration":0.4934000000000651,"failureMessages":[],"meta":{},"tags":[]},{"ancestorTitles":["useBudgetApprovalPage","filteredItems / hasFilters / resetFilters"],"fullName":"useBudgetApprovalPage filteredItems / hasFilters / resetFilters hasFilters는 필터 적용 여부를 판정하고 resetFilters로 초기화한다","status":"passed","title":"hasFilters는 필터 적용 여부를 판정하고 resetFilters로 초기화한다","duration":0.5612999999998465,"failureMessages":[],"meta":{},"tags":[]},{"ancestorTitles":["useBudgetApprovalPage","filteredItems / hasFilters / resetFilters"],"fullName":"useBudgetApprovalPage filteredItems / hasFilters / resetFilters 신청서 번호 필터는 정확히 같은 신청서에 묶인 행만 남기고 초기화 대상에 든다","status":"passed","title":"신청서 번호 필터는 정확히 같은 신청서에 묶인 행만 남기고 초기화 대상에 든다","duration":1.5722000000000662,"failureMessages":[],"meta":{},"tags":[]},{"ancestorTitles":["useBudgetApprovalPage","filteredItems / hasFilters / resetFilters"],"fullName":"useBudgetApprovalPage filteredItems / hasFilters / resetFilters [원본 보기] 쿼리로 진입하면 신청서 번호·예산연도를 적용하고 결재중 조회로 바꾼다","status":"passed","title":"[원본 보기] 쿼리로 진입하면 신청서 번호·예산연도를 적용하고 결재중 조회로 바꾼다","duration":1.32549999999992,"failureMessages":[],"meta":{},"tags":[]},{"ancestorTitles":["useBudgetApprovalPage","categoryOptions"],"fullName":"useBudgetApprovalPage categoryOptions categoryOptions는 목록에 항목이 없어도 공통코드(ABUS_TC) 값을 노출한다","status":"passed","title":"categoryOptions는 목록에 항목이 없어도 공통코드(ABUS_TC) 값을 노출한다","duration":1.5047000000001844,"failureMessages":[],"meta":{},"tags":[]},{"ancestorTitles":["useBudgetApprovalPage","categoryOptions"],"fullName":"useBudgetApprovalPage categoryOptions categoryOptions는 데이터에서 중복 없이 추출한다","status":"passed","title":"categoryOptions는 데이터에서 중복 없이 추출한다","duration":1.0492999999999029,"failureMessages":[],"meta":{},"tags":[]},{"ancestorTitles":["useBudgetApprovalPage","조회 구분(상신 대상 / 결재 대기)"],"fullName":"useBudgetApprovalPage 조회 구분(상신 대상 / 결재 대기) 기본 신청대상은 작성완료와 임시저장을 포함하는 none 조건을 서버에 내린다","status":"passed","title":"기본 신청대상은 작성완료와 임시저장을 포함하는 none 조건을 서버에 내린다","duration":1.4926000000000386,"failureMessages":[],"meta":{},"tags":[]},{"ancestorTitles":["useBudgetApprovalPage","조회 구분(상신 대상 / 결재 대기)"],"fullName":"useBudgetApprovalPage 조회 구분(상신 대상 / 결재 대기) 시스템관리자는 담당부서 선택에 필요한 전체 부서 데이터를 서버에 요청한다","status":"passed","title":"시스템관리자는 담당부서 선택에 필요한 전체 부서 데이터를 서버에 요청한다","duration":2.059099999999944,"failureMessages":[],"meta":{},"tags":[]},{"ancestorTitles":["useBudgetApprovalPage","조회 구분(상신 대상 / 결재 대기)"],"fullName":"useBudgetApprovalPage 조회 구분(상신 대상 / 결재 대기) 예산연도를 바꾸면 서버 조회 조건의 bseYy가 함께 바뀐다","status":"passed","title":"예산연도를 바꾸면 서버 조회 조건의 bseYy가 함께 바뀐다","duration":0.5587000000000444,"failureMessages":[],"meta":{},"tags":[]},{"ancestorTitles":["useBudgetApprovalPage","조회 구분(상신 대상 / 결재 대기)"],"fullName":"useBudgetApprovalPage 조회 구분(상신 대상 / 결재 대기) 결재 대기로 바꾸면 정보화사업·경상사업·전산업무비 조회에 결재중 코드를 내린다","status":"passed","title":"결재 대기로 바꾸면 정보화사업·경상사업·전산업무비 조회에 결재중 코드를 내린다","duration":0.4311000000000149,"failureMessages":[],"meta":{},"tags":[]},{"ancestorTitles":["useBudgetApprovalPage","조회 구분(상신 대상 / 결재 대기)"],"fullName":"useBudgetApprovalPage 조회 구분(상신 대상 / 결재 대기) 결재 대기 조회 중에는 이미 상신된 항목이므로 상신할 수 없다","status":"passed","title":"결재 대기 조회 중에는 이미 상신된 항목이므로 상신할 수 없다","duration":0.7398999999998068,"failureMessages":[],"meta":{},"tags":[]},{"ancestorTitles":["useBudgetApprovalPage","조회 구분(상신 대상 / 결재 대기)"],"fullName":"useBudgetApprovalPage 조회 구분(상신 대상 / 결재 대기) 결재중 조회에서만 신청서가 있는 행의 결재 진행 상황을 연다","status":"passed","title":"결재중 조회에서만 신청서가 있는 행의 결재 진행 상황을 연다","duration":0.7729999999999109,"failureMessages":[],"meta":{},"tags":[]},{"ancestorTitles":["useBudgetApprovalPage","requestApproval"],"fullName":"useBudgetApprovalPage requestApproval 작성완료 상태는 신청서 상세가 없어도 임시저장으로 판정하지 않는다","status":"passed","title":"작성완료 상태는 신청서 상세가 없어도 임시저장으로 판정하지 않는다","duration":1.5480999999999767,"failureMessages":[],"meta":{},"tags":[]},{"ancestorTitles":["useBudgetApprovalPage","requestApproval"],"fullName":"useBudgetApprovalPage requestApproval 시스템관리자는 화면에 없는 다른 부서 임시저장 때문에 유의사항을 띄우거나 상신을 막지 않는다","status":"passed","title":"시스템관리자는 화면에 없는 다른 부서 임시저장 때문에 유의사항을 띄우거나 상신을 막지 않는다","duration":1.5165999999999258,"failureMessages":[],"meta":{},"tags":[]},{"ancestorTitles":["useBudgetApprovalPage","requestApproval"],"fullName":"useBudgetApprovalPage requestApproval 신청서가 없는 임시저장 항목이 하나라도 있으면 상신을 차단한다","status":"passed","title":"신청서가 없는 임시저장 항목이 하나라도 있으면 상신을 차단한다","duration":0.6296999999999571,"failureMessages":[],"meta":{},"tags":[]},{"ancestorTitles":["useBudgetApprovalPage","requestApproval"],"fullName":"useBudgetApprovalPage requestApproval 상신 대상이 없으면 현재 locale의 경고 Toast만 띄우고 이동하지 않는다","status":"passed","title":"상신 대상이 없으면 현재 locale의 경고 Toast만 띄우고 이동하지 않는다","duration":1.5860999999999876,"failureMessages":[],"meta":{},"tags":[]},{"ancestorTitles":["useBudgetApprovalPage","requestApproval"],"fullName":"useBudgetApprovalPage requestApproval 상신 대상이 있으면 세션에 ID를 저장하고 보고서 화면으로 이동한다","status":"passed","title":"상신 대상이 있으면 세션에 ID를 저장하고 보고서 화면으로 이동한다","duration":0.5913000000000466,"failureMessages":[],"meta":{},"tags":[]},{"ancestorTitles":["useBudgetApprovalPage","categorizedCards"],"fullName":"useBudgetApprovalPage categorizedCards 현재 필터 적용 항목을 유형별로 분류한다","status":"passed","title":"현재 필터 적용 항목을 유형별로 분류한다","duration":0.606499999999869,"failureMessages":[],"meta":{},"tags":[]},{"ancestorTitles":["useBudgetApprovalPage","downloadExcel"],"fullName":"useBudgetApprovalPage downloadExcel 필터링된 목록을 엑셀로 내보낸다","status":"passed","title":"필터링된 목록을 엑셀로 내보낸다","duration":0.6850999999999203,"failureMessages":[],"meta":{},"tags":[]},{"ancestorTitles":["useBudgetApprovalPage","스코프 건수 뱃지"],"fullName":"useBudgetApprovalPage 스코프 건수 뱃지 목록 COUNT가 아닌 인증 주체 기준 결재 건수 API를 사용한다","status":"passed","title":"목록 COUNT가 아닌 인증 주체 기준 결재 건수 API를 사용한다","duration":1.7014000000001488,"failureMessages":[],"meta":{},"tags":[]},{"ancestorTitles":["useBudgetApprovalPage","스코프 건수 뱃지"],"fullName":"useBudgetApprovalPage 스코프 건수 뱃지 두 스코프의 건수를 각각 조회해 옵션에 담는다","status":"passed","title":"두 스코프의 건수를 각각 조회해 옵션에 담는다","duration":1.1364000000000942,"failureMessages":[],"meta":{},"tags":[]},{"ancestorTitles":["useBudgetApprovalPage","스코프 건수 뱃지"],"fullName":"useBudgetApprovalPage 스코프 건수 뱃지 건수 조회가 실패하면 0으로 감추지 않고 뱃지를 비운다","status":"passed","title":"건수 조회가 실패하면 0으로 감추지 않고 뱃지를 비운다","duration":5.726200000000063,"failureMessages":[],"meta":{},"tags":[]},{"ancestorTitles":["useBudgetApprovalPage","스코프 건수 뱃지"],"fullName":"useBudgetApprovalPage 스코프 건수 뱃지 이전 연도 요청이 늦게 끝나도 최신 연도의 건수를 덮지 않는다","status":"passed","title":"이전 연도 요청이 늦게 끝나도 최신 연도의 건수를 덮지 않는다","duration":0.781099999999924,"failureMessages":[],"meta":{},"tags":[]},{"ancestorTitles":["useBudgetApprovalPage"],"fullName":"useBudgetApprovalPage 목록 재조회가 끝나면 건수도 다시 센다 — 상단 새로고침·재진입에서 뱃지가 묵지 않는다","status":"passed","title":"목록 재조회가 끝나면 건수도 다시 센다 — 상단 새로고침·재진입에서 뱃지가 묵지 않는다","duration":2.5633000000000266,"failureMessages":[],"meta":{},"tags":[]},{"ancestorTitles":["useBudgetApprovalPage","downloadPdf"],"fullName":"useBudgetApprovalPage downloadPdf 정보화사업·전산업무비 상세를 일괄 조회해 PDF를 생성한다","status":"passed","title":"정보화사업·전산업무비 상세를 일괄 조회해 PDF를 생성한다","duration":7.8776000000000295,"failureMessages":[],"meta":{},"tags":[]},{"ancestorTitles":["useBudgetApprovalPage","downloadPdf"],"fullName":"useBudgetApprovalPage downloadPdf 재상신 초안 행은 그 개정 순번으로 상세를 조회한다","status":"passed","title":"재상신 초안 행은 그 개정 순번으로 상세를 조회한다","duration":3.2539999999999054,"failureMessages":[],"meta":{},"tags":[]},{"ancestorTitles":["useBudgetApprovalPage","downloadPdf"],"fullName":"useBudgetApprovalPage downloadPdf 대상이 없으면 일괄 조회를 생략한다","status":"passed","title":"대상이 없으면 일괄 조회를 생략한다","duration":1.5952000000002045,"failureMessages":[],"meta":{},"tags":[]},{"ancestorTitles":["useBudgetApprovalPage","downloadPdf"],"fullName":"useBudgetApprovalPage downloadPdf PDF 생성이 실패하면 오류 Toast를 띄운다","status":"passed","title":"PDF 생성이 실패하면 오류 Toast를 띄운다","duration":2.742999999999938,"failureMessages":[],"meta":{},"tags":[]},{"ancestorTitles":["useBudgetApprovalPage","downloadPdf"],"fullName":"useBudgetApprovalPage downloadPdf 다운로드를 시작한 각 PDF의 Blob URL을 해제한다","status":"passed","title":"다운로드를 시작한 각 PDF의 Blob URL을 해제한다","duration":3.422700000000077,"failureMessages":[],"meta":{},"tags":[]},{"ancestorTitles":["useBudgetApprovalPage","getTargetTypeAbbr"],"fullName":"useBudgetApprovalPage getTargetTypeAbbr 공통코드에서 찾지 못하면 원래 코드값을 그대로 반환한다","status":"passed","title":"공통코드에서 찾지 못하면 원래 코드값을 그대로 반환한다","duration":1.032399999999825,"failureMessages":[],"meta":{},"tags":[]},{"ancestorTitles":["useBudgetApprovalPage","getTargetTypeAbbr"],"fullName":"useBudgetApprovalPage getTargetTypeAbbr 공통코드에서 찾으면 표시용 약어를 반환한다","status":"passed","title":"공통코드에서 찾으면 표시용 약어를 반환한다","duration":1.2165999999999713,"failureMessages":[],"meta":{},"tags":[]}],"startTime":1789467243718,"endTime":1789467243795.2166,"status":"passed","message":"","name":"C:/it/it_frontend/tests/unit/composables/useBudgetApprovalPage.test.ts"},{"assertionResults":[{"ancestorTitles":["useCostListPage"],"fullName":"useCostListPage façade 공개 반환 키 목록이 기준선과 정확히 일치한다 (CQ-02 분해 회귀 가드)","status":"passed","title":"façade 공개 반환 키 목록이 기준선과 정확히 일치한다 (CQ-02 분해 회귀 가드)","duration":12.985200000000077,"failureMessages":[],"meta":{},"tags":[]},{"ancestorTitles":["useCostListPage"],"fullName":"useCostListPage 서버 조회 결과를 로컬 목록으로 동기화하고 날짜 문자열을 Date로 변환한다","status":"passed","title":"서버 조회 결과를 로컬 목록으로 동기화하고 날짜 문자열을 Date로 변환한다","duration":3.0054000000000087,"failureMessages":[],"meta":{},"tags":[]},{"ancestorTitles":["useCostListPage"],"fullName":"useCostListPage 결재현황 타임라인은 신청서가 있는 행만 열고 신청서 상세를 그대로 넘긴다","status":"passed","title":"결재현황 타임라인은 신청서가 있는 행만 열고 신청서 상세를 그대로 넘긴다","duration":1.5453999999999724,"failureMessages":[],"meta":{},"tags":[]},{"ancestorTitles":["useCostListPage"],"fullName":"useCostListPage CUR_C 공통코드에서 환율과 기준일자가 유효한 통화를 목록 편집 옵션으로 사용한다","status":"passed","title":"CUR_C 공통코드에서 환율과 기준일자가 유효한 통화를 목록 편집 옵션으로 사용한다","duration":1.6299999999991996,"failureMessages":[],"meta":{},"tags":[]},{"ancestorTitles":["useCostListPage"],"fullName":"useCostListPage 편집 모드에서 신규 행을 추가하고 필수값 누락 필드를 표시한다","status":"passed","title":"편집 모드에서 신규 행을 추가하고 필수값 누락 필드를 표시한다","duration":1.5709999999999127,"failureMessages":[],"meta":{},"tags":[]},{"ancestorTitles":["useCostListPage"],"fullName":"useCostListPage 신청기간 밖에서는 신규 행·전년도 불러오기·Excel 업로드 진입을 차단한다","status":"passed","title":"신청기간 밖에서는 신규 행·전년도 불러오기·Excel 업로드 진입을 차단한다","duration":3.2770000000000437,"failureMessages":[],"meta":{},"tags":[]},{"ancestorTitles":["useCostListPage"],"fullName":"useCostListPage 신청기간 밖에서도 기존 전산업무비 수정 저장은 허용한다","status":"passed","title":"신청기간 밖에서도 기존 전산업무비 수정 저장은 허용한다","duration":2.5807000000004336,"failureMessages":[],"meta":{},"tags":[]},{"ancestorTitles":["useCostListPage"],"fullName":"useCostListPage 신청기간 밖에서 우회로 추가된 신규 행도 생성 API로 저장하지 않는다","status":"passed","title":"신청기간 밖에서 우회로 추가된 신규 행도 생성 API로 저장하지 않는다","duration":10.049700000000485,"failureMessages":[],"meta":{},"tags":[]},{"ancestorTitles":["useCostListPage"],"fullName":"useCostListPage 팀코드가 있으면 기본 범위는 팀이며 myDeptOnly=true와 svnTemC를 함께 보낸다","status":"passed","title":"팀코드가 있으면 기본 범위는 팀이며 myDeptOnly=true와 svnTemC를 함께 보낸다","duration":1.5852999999997337,"failureMessages":[],"meta":{},"ta
[...]
s":[]},{"ancestorTitles":["useItBudgetApprovalFormPdf"],"fullName":"useItBudgetApprovalFormPdf v2 기안 결재일시를 연월일 아래에 시분초로 표시한다","status":"passed","title":"v2 기안 결재일시를 연월일 아래에 시분초로 표시한다","duration":2.6376999999999953,"failureMessages":[],"meta":{},"tags":[]},{"ancestorTitles":["useItBudgetApprovalFormPdf"],"fullName":"useItBudgetApprovalFormPdf v3 기안 결재일시는 날짜만 있는 문서 신청일보다 저장 timestamp를 우선한다","status":"passed","title":"v3 기안 결재일시는 날짜만 있는 문서 신청일보다 저장 timestamp를 우선한다","duration":4.0474999999999,"failureMessages":[],"meta":{},"tags":[]},{"ancestorTitles":["useItBudgetApprovalFormPdf"],"fullName":"useItBudgetApprovalFormPdf v2에 결재자가 한 명뿐이면 두 번째 빈 결재란을 함께 표시한다","status":"passed","title":"v2에 결재자가 한 명뿐이면 두 번째 빈 결재란을 함께 표시한다","duration":3.3437999999998738,"failureMessages":[],"meta":{},"tags":[]},{"ancestorTitles":["useItBudgetApprovalFormPdf"],"fullName":"useItBudgetApprovalFormPdf v2 미리보기의 빈 결재선도 실제 PDF로 생성한다","status":"passed","title":"v2 미리보기의 빈 결재선도 실제 PDF로 생성한다","duration":3.072599999999966,"failureMessages":[],"meta":{},"tags":[]},{"ancestorTitles":["useItBudgetApprovalFormPdf"],"fullName":"useItBudgetApprovalFormPdf v2 사업 999999999999.999와 업무비 0.001를 정확히 합산한다","status":"passed","title":"v2 사업 999999999999.999와 업무비 0.001를 정확히 합산한다","duration":3.423000000000002,"failureMessages":[],"meta":{},"tags":[]},{"ancestorTitles":["useItBudgetApprovalFormPdf"],"fullName":"useItBudgetApprovalFormPdf v2 사업 -999999999999.999와 업무비 -0.001를 정확히 합산한다","status":"passed","title":"v2 사업 -999999999999.999와 업무비 -0.001를 정확히 합산한다","duration":4.238700000000108,"failureMessages":[],"meta":{},"tags":[]},{"ancestorTitles":["useItBudgetApprovalFormPdf"],"fullName":"useItBudgetApprovalFormPdf v2 사업 0.125와 업무비 0.001를 정확히 합산한다","status":"passed","title":"v2 사업 0.125와 업무비 0.001를 정확히 합산한다","duration":8.562400000000025,"failureMessages":[],"meta":{},"tags":[]},{"ancestorTitles":["useItBudgetApprovalFormPdf"],"fullName":"useItBudgetApprovalFormPdf v2 표시 정밀도를 잃는 전체 합산은 PDF 생성 전에 실패한다","status":"passed","title":"v2 표시 정밀도를 잃는 전체 합산은 PDF 생성 전에 실패한다","duration":2.623700000000099,"failureMessages":[],"meta":{},"tags":[]},{"ancestorTitles":["useItBudgetApprovalFormPdf"],"fullName":"useItBudgetApprovalFormPdf v2의 큰 금액에 반복된 0.001을 합해도 최소 단위를 잃지 않는다","status":"passed","title":"v2의 큰 금액에 반복된 0.001을 합해도 최소 단위를 잃지 않는다","duration":47.63629999999989,"failureMessages":[],"meta":{},"tags":[]},{"ancestorTitles":["useItBudgetApprovalFormPdf"],"fullName":"useItBudgetApprovalFormPdf v2 큰 금액 100000000000000.125와 작은 증가분은 조용히 반올림되지 않는다","status":"passed","title":"v2 큰 금액 100000000000000.125와 작은 증가분은 조용히 반올림되지 않는다","duration":1.261600000000044,"failureMessages":[],"meta":{},"tags":[]},{"ancestorTitles":["useItBudgetApprovalFormPdf"],"fullName":"useItBudgetApprovalFormPdf v2 큰 금액 -100000000000000.125와 작은 증가분은 조용히 반올림되지 않는다","status":"passed","title":"v2 큰 금액 -100000000000000.125와 작은 증가분은 조용히 반올림되지 않는다","duration":0.7839999999998781,"failureMessages":[],"meta":{},"tags":[]},{"ancestorTitles":["useItBudgetApprovalFormPdf"],"fullName":"useItBudgetApprovalFormPdf v2 nullable 명칭을 제목에 null 문자열로 출력하지 않는다","status":"passed","title":"v2 nullable 명칭을 제목에 null 문자열로 출력하지 않는다","duration":2.482099999999946,"failureMessages":[],"meta":{},"tags":[]},{"ancestorTitles":["useItBudgetApprovalFormPdf"],"fullName":"useItBudgetApprovalFormPdf 서버 v2의 nullable 품목과 결재일을 빈 셀로 표시하고 표시명을 렌더링한다","status":"passed","title":"서버 v2의 nullable 품목과 결재일을 빈 셀로 표시하고 표시명을 렌더링한다","duration":3.2480000000000473,"failureMessages":[],"meta":{},"tags":[]},{"ancestorTitles":["useItBudgetApprovalFormPdf"],"fullName":"useItBudgetApprovalFormPdf v3 통화 아래에 상신 환율 1477.0000를 작은 글씨로 표시한다","status":"passed","title":"v3 통화 아래에 상신 환율 1477.0000를 작은 글씨로 표시한다","duration":4.776600000000144,"failureMessages":[],"meta":{},"tags":[]},{"ancestorTitles":["useItBudgetApprovalFormPdf"],"fullName":"useItBudgetApprovalFormPdf v3 통화 아래에 상신 환율 1477.1234를 작은 글씨로 표시한다","status":"passed","title":"v3 통화 아래에 상신 환율 1477.1234를 작은 글씨로 표시한다","duration":3.2165999999999713,"failureMessages":[],"meta":{},"tags":[]},{"ancestorTitles":["useItBudgetApprovalFormPdf"],"fullName":"useItBudgetApprovalFormPdf v3 통화 아래에 상신 환율 0.0000를 작은 글씨로 표시한다","status":"passed","title":"v3 통화 아래에 상신 환율 0.0000를 작은 글씨로 표시한다","duration":5.9365999999999985,"failureMessages":[],"meta":{},"tags":[]},{"ancestorTitles":["useItBudgetApprovalFormPdf"],"fullName":"useItBudgetApprovalFormPdf v3 통화 아래에 상신 환율 null를 작은 글씨로 표시한다","status":"passed","title":"v3 통화 아래에 상신 환율 null를 작은 글씨로 표시한다","duration":4.960299999999961,"failureMessages":[],"meta":{},"tags":[]},{"ancestorTitles":["useItBudgetApprovalFormPdf"],"fullName":"useItBudgetApprovalFormPdf v3 원장 환율 1477oops는 잘못된 값이나 정밀도 손실을 숨기지 않는다","status":"passed","title":"v3 원장 환율 1477oops는 잘못된 값이나 정밀도 손실을 숨기지 않는다","duration":0.4873999999999796,"failureMessages":[],"meta":{},"tags":[]},{"ancestorTitles":["useItBudgetApprovalFormPdf"],"fullName":"useItBudgetApprovalFormPdf v3 원장 환율 1477는 잘못된 값이나 정밀도 손실을 숨기지 않는다","status":"passed","title":"v3 원장 환율 1477는 잘못된 값이나 정밀도 손실을 숨기지 않는다","duration":0.5450000000000728,"failureMessages":[],"meta":{},"tags":[]},{"ancestorTitles":["useItBudgetApprovalFormPdf"],"fullName":"useItBudgetApprovalFormPdf v3 원장 환율 9007199254740991.1234는 잘못된 값이나 정밀도 손실을 숨기지 않는다","status":"passed","title":"v3 원장 환율 9007199254740991.1234는 잘못된 값이나 정밀도 손실을 숨기지 않는다","duration":1.288000000000011,"failureMessages":[],"meta":{},"tags":[]},{"ancestorTitles":["useItBudgetApprovalFormPdf"],"fullName":"useItBudgetApprovalFormPdf v3 품목 환율은 관리번호뿐 아니라 품목 순번도 일치하는 원장에서 읽는다","status":"passed","title":"v3 품목 환율은 관리번호뿐 아니라 품목 순번도 일치하는 원장에서 읽는다","duration":1.6673000000000684,"failureMessages":[],"meta":{},"tags":[]},{"ancestorTitles":["useItBudgetApprovalFormPdf"],"fullName":"useItBudgetApprovalFormPdf v3 사업 품목 외화는 정보화·경상 상세에서 원통화 금액을 표시한다","status":"passed","title":"v3 사업 품목 외화는 정보화·경상 상세에서 원통화 금액을 표시한다","duration":6.1099999999999,"failureMessages":[],"meta":{},"tags":[]},{"ancestorTitles":["useItBudgetApprovalFormPdf"],"fullName":"useItBudgetApprovalFormPdf v2 사업 품목 외화는 기존 원화 환산액을 표시한다","status":"passed","title":"v2 사업 품목 외화는 기존 원화 환산액을 표시한다","duration":2.939100000000053,"failureMessages":[],"meta":{},"tags":[]},{"ancestorTitles":["useItBudgetApprovalFormPdf"],"fullName":"useItBudgetApprovalFormPdf 사업 품목 외화 변경은 전산업무비 단말기 금액 표시를 바꾸지 않는다","status":"passed","title":"사업 품목 외화 변경은 전산업무비 단말기 금액 표시를 바꾸지 않는다","duration":3.52819999999997,"failureMessages":[],"meta":{},"tags":[]},{"ancestorTitles":["useItBudgetApprovalFormPdf"],"fullName":"useItBudgetApprovalFormPdf 프로젝트와 전산업무비 데이터를 PDF 문서 정의로 생성하고 Blob URL을 반환한다","status":"passed","title":"프로젝트와 전산업무비 데이터를 PDF 문서 정의로 생성하고 Blob URL을 반환한다","duration":3.0283999999999196,"failureMessages":[],"meta":{},"tags":[]},{"ancestorTitles":["useItBudgetApprovalFormPdf"],"fullName":"useItBudgetApprovalFormPdf 사업 품목과 전산업무비 단말기 목록을 각각 상세 본문 뒤에 출력한다","status":"passed","title":"사업 품목과 전산업무비 단말기 목록을 각각 상세 본문 뒤에 출력한다","duration":1.1954000000000633,"failureMessages":[],"meta":{},"tags":[]},{"ancestorTitles":["useItBudgetApprovalFormPdf"],"fullName":"useItBudgetApprovalFormPdf 굵은 사업명·계약명 안의 한자는 Regular 인라인 런으로 분리한다","status":"passed","title":"굵은 사업명·계약명 안의 한자는 Regular 인라인 런으로 분리한다","duration":2.0458000000000993,"failureMessages":[],"meta":{},"tags":[]},{"ancestorTitles":["useItBudgetApprovalFormPdf"],"fullName":"useItBudgetApprovalFormPdf 금융정보단말기 표는 서비스를 용도 뒤에 둔다","status":"passed","title":"금융정보단말기 표는 서비스를 용도 뒤에 둔다","duration":4.277900000000045,"failureMessages":[],"meta":{},"tags":[]},{"ancestorTitles":["useItBudgetApprovalFormPdf"],"fullName":"useItBudgetApprovalFormPdf 금융정보단말기 표는 통화와 환율을 함께 표기하고 요청금액에는 통화기호를 사용한다","status":"passed","title":"금융정보단말기 표는 통화와 환율을 함께 표기하고 요청금액에는 통화기호를 사용한다","duration":3.7460000000000946,"failureMessages":[],"meta":{},"tags":[]},{"ancestorTitles":["useItBudgetApprovalFormPdf"],"fullName":"useItBudgetApprovalFormPdf 금융정보단말기 표의 순번 머리글은 한 줄로 표시한다","status":"passed","title":"금융정보단말기 표의 순번 머리글은 한 줄로 표시한다","duration":2.825700000000097,"failureMessages":[],"meta":{},"tags":[]},{"ancestorTitles":["useItBudgetApprovalFormPdf"],"fullName":"useItBudgetApprovalFormPdf 폰트 로드에 실패하면 Roboto 폰트로 폴백한다","status":"passed","title":"폰트 로드에 실패하면 Roboto 폰트로 폴백한다","duration":2.5072000000000116,"failureMessages":[],"meta":{},"tags":[]},{"ancestorTitles":["useItBudgetApprovalFormPdf"],"fullName":"useItBudgetApprovalFormPdf 폰트 응답이 ok=false이면 Roboto로 폴백한다 (regRes.ok 분기)","status":"passed","title":"폰트 응답이 ok=false이면 Roboto로 폴백한다 (regRes.ok 분기)","duration":1.5454999999999472,"failureMessages":[],"meta":{},"tags":[]},{"ancestorTitles":["useItBudgetApprovalFormPdf"],"fullName":"useItBudgetApprovalFormPdf 경상사업(odnYn=Y) 프로젝트를 포함하면 경상사업 테이블을 생성한다","status":"passed","title":"경상사업(odnYn=Y) 프로젝트를 포함하면 경상사업 테이블을 생성한다","duration":3.298699999999826,"failureMessages":[],"meta":{},"tags":[]},{"ancestorTitles":["useItBudgetApprovalFormPdf"],"fullName":"useItBudgetApprovalFormPdf 경상사업 본문은 사업내용을 현황과 필요성보다 먼저 표시한다","status":"passed","title":"경상사업 본문은 사업내용을 현황과 필요성보다 먼저 표시한다","duration":2.0955999999998767,"failureMessages":[],"meta":{},"tags":[]},{"ancestorTitles":["useItBudgetApprovalFormPdf"],"fullName":"useItBudgetApprovalFormPdf 정보화사업 본문을 3px 간격의 네 표 그룹으로 나누고 지정된 순서로 표시한다","status":"passed","title":"정보화사업 본문을 3px 간격의 네 표 그룹으로 나누고 지정된 순서로 표시한다","duration":2.5988000000002103,"failureMessages":[],"meta":{},"tags":[]},{"ancestorTitles":["useItBudgetApprovalFormPdf"],"fullName":"useItBudgetApprovalFormPdf 정보화사업 사업기간을 시작일~종료일로 합치고 담당자 관련 라벨을 변경한다","status":"passed","title":"정보화사업 사업기간을 시작일~종료일로 합치고 담당자 관련 라벨을 변경한다","duration":2.6865000000000236,"failureMessages":[],"meta":{},"tags":[]},{"ancestorTitles":["useItBudgetApprovalFormPdf"],"fullName":"useItBudgetApprovalFormPdf prjPulPtt=null이면 추진가능성 셀에 \"-\"를 표시하고, xcr=null이면 환율 셀에 \"-\"를 표시한다","status":"passed","title":"prjPulPtt=null이면 추진가능성 셀에 \"-\"를 표시하고, xcr=null이면 환율 셀에 \"-\"를 표시한다","duration":2.4710000000000036,"failureMessages":[],"meta":{},"tags":[]},{"ancestorTitles":["useItBudgetApprovalFormPdf"],"fullName":"useItBudgetApprovalFormPdf 결재자 이름이 없으면 \"결재자\" 텍스트와 \"(미지정)\" 직위를 표시한다 (||분기)","status":"passed","title":"결재자 이름이 없으면 \"결재자\" 텍스트와 \"(미지정)\" 직위를 표시한다 (||분기)","duration":1.5169999999998254,"failureMessages":[],"meta":{},"tags":[]},{"ancestorTitles":["useItBudgetApprovalFormPdf"],"fullName":"useItBudgetApprovalFormPdf projects=null, costs=null이 전달되면 빈 배열로 방어 처리한다 (||[] 분기)","status":"passed","title":"projects=null, costs=null이 전달되면 빈 배열로 방어 처리한다 (||[] 분기)","duration":0.9688999999998487,"failureMessages":[],"meta":{},"tags":[]},{"ancestorTitles":["useItBudgetApprovalFormPdf"],"fullName":"useItBudgetApprovalFormPdf 모든 페이지 footer 중앙에는 페이지 번호, 오른쪽에는 KDB CI를 표시한다","status":"passed","title":"모든 페이지 footer 중앙에는 페이지 번호, 오른쪽에는 KDB CI를 표시한다","duration":4.71510000000012,"failureMessages":[],"meta":{},"tags":[]},{"ancestorTitles":["useItBudgetApprovalFormPdf"],"fullName":"useItBudgetApprovalFormPdf 생성된 문서 정의의 table layout 콜백이 정상 값을 반환한다","status":"passed","title":"생성된 문서 정의의 table layout 콜백이 정상 값을 반환한다","duration":4.432900000000018,"failureMessages":[],"meta":{},"tags":[]},{"ancestorTitles":["useItBudgetApprovalFormPdf"],"fullName":"useItBudgetApprovalFormPdf PDF Blob 생성이 실패하면 오류를 로깅하고 다시 throw한다","status":"passed","title":"PDF Blob 생성이 실패하면 오류를 로깅하고 다시 throw한다","duration":2.58179999999993,"failureMessages":[],"meta":{},"tags":[]},{"ancestorTitles":["useItBudgetApprovalFormPdf"],"fullName":"useItBudgetApprovalFormPdf hideHeader: true 옵션을 전달하면 헤더 섹션을 생략한다 (L693 false 분기)","status":"passed","title":"hideHeader: true 옵션을 전달하면 헤더 섹션을 생략한다 (L693 false 분기)","duration":2.1738000000000284,"failureMessages":[],"meta":{},"tags":[]},{"ancestorTitles":["useItBudgetApprovalFormPdf"],"fullName":"useItBudgetApprovalFormPdf fileName 옵션을 주면 PDF 제목 메타데이터를 확장자 없는 파일명으로 설정한다","status":"passed","title":"fileName 옵션을 주면 PDF 제목 메타데이터를 확장자 없는 파일명으로 설정한다","duration":1.6587999999999283,"failureMessages":[],"meta":{},"tags":[]},{"ancestorTitles":["useItBudgetApprovalFormPdf"],"fullName":"useItBudgetApprovalFormPdf fileName 옵션이 없으면 PDF 제목 메타데이터를 설정하지 않는다","status":"passed","title":"fileName 옵션이 없으면 PDF 제목 메타데이터를 설정하지 않는다","duration":0.9927999999999884,"failureMessages":[],"meta":{},"tags":[]},{"ancestorTitles":["useItBudgetApprovalFormPdf"],"fullName":"useItBudgetApprovalFormPdf detailOnly 프로젝트 PDF는 총괄표·초기 페이지 나눔·사업 순번을 생략한다","status":"passed","title":"detailOnly 프로젝트 PDF는 총괄표·초기 페이지 나눔·사업 순번을 생략한다","duration":1.1588000000001557,"failureMessages":[],"meta":{},"tags":[]},{"ancestorTitles":["useItBudgetApprovalFormPdf"],"fullName":"useItBudgetApprovalFormPdf detailOnly 전산업무비 PDF는 총괄표·초기 페이지 나눔·계약 순번을 생략한다","status":"passed","title":"detailOnly 전산업무비 PDF는 총괄표·초기 페이지 나눔·계약 순번을 생략한다","duration":2.6673000000000684,"failureMessages":[],"meta":{},"tags":[]},{"ancestorTitles":["useItBudgetApprovalFormPdf"],"fullName":"useItBudgetApprovalFormPdf htmlToText가 html이 falsy이면 빈 문자열을 반환한다 (L308 false 분기)","status":"passed","title":"htmlToText가 html이 falsy이면 빈 문자열을 반환한다 (L308 false 분기)","duration":2.190399999999954,"failureMessages":[],"meta":{},"tags":[]},{"ancestorTitles":["useItBudgetApprovalFormPdf"],"fullName":"useItBudgetApprovalFormPdf splitDateTime에서 T가 없는 날짜 문자열은 datePart만 반환한다 (L337 분기)","status":"passed","title":"splitDateTime에서 T가 없는 날짜 문자열은 datePart만 반환한다 (L337 분기)","duration":0.6535000000001219,"failureMessages":[],"meta":{},"tags":[]},{"ancestorTitles":["useItBudgetApprovalFormPdf"],"fullName":"useItBudgetApprovalFormPdf 정보화사업·경상사업·전산업무비 표가 모두 동일한 회색 레이아웃을 사용한다","status":"passed","title":"정보화사업·경상사업·전산업무비 표가 모두 동일한 회색 레이아웃을 사용한다","duration":2.113900000000058,"failureMessages":[],"meta":{},"tags":[]},{"ancestorTitles":["useItBudgetApprovalFormPdf"],"fullName":"useItBudgetApprovalFormPdf 예산 목록은 구분별 제목 + 표로 분리되고 순번이 표마다 1부터 시작한다","status":"passed","title":"예산 목록은 구분별 제목 + 표로 분리되고 순번이 표마다 1부터 시작한다","duration":7.541099999999915,"failureMessages":[],"meta":{},"tags":[]},{"ancestorTitles":["useItBudgetApprovalFormPdf"],"fullName":"useItBudgetApprovalFormPdf 당해 편성표는 당해 요청금액을, 사업 상세 소요예산은 총소요금액을 표시한다","status":"passed","title":"당해 편성표는 당해 요청금액을, 사업 상세 소요예산은 총소요금액을 표시한다","duration":1.1188999999999396,"failureMessages":[],"meta":{},"tags":[]},{"ancestorTitles":["useItBudgetApprovalFormPdf"],"fullName":"useItBudgetApprovalFormPdf 항목이 없는 구분은 제목과 표를 모두 생략한다","status":"passed","title":"항목이 없는 구분은 제목과 표를 모두 생략한다","duration":1.9262999999998556,"failureMessages":[],"meta":{},"tags":[]},{"ancestorTitles":["useItBudgetApprovalFormPdf"],"fullName":"useItBudgetApprovalFormPdf 사업 상세에서 관리번호·상태 행을 표시하지 않는다","status":"passed","title":"사업 상세에서 관리번호·상태 행을 표시하지 않는다","duration":1.945299999999861,"failureMessages":[],"meta":{},"tags":[]},{"ancestorTitles":["useItBudgetApprovalFormPdf"],"fullName":"useItBudgetApprovalFormPdf 공통코드 값을 코드명으로 표시한다","status":"passed","title":"공통코드 값을 코드명으로 표시한다","duration":1.1628000000000611,"failureMessages":[],"meta":{},"tags":[]},{"ancestorTitles":["useItBudgetApprovalFormPdf"],"fullName":"useItBudgetApprovalFormPdf 사번 대신 이름과 직위를 표시한다","status":"passed","title":"사번 대신 이름과 직위를 표시한다","duration":1.0178000000000793,"failureMessages":[],"meta":{},"tags":[]},{"ancestorTitles":["useItBudgetApprovalFormPdf"],"fullName":"useItBudgetApprovalFormPdf 순번 열은 머리글이 한 줄로 들어가는 최소 폭이고 줄인 만큼 자본예산이 넓다","status":"passed","title":"순번 열은 머리글이 한 줄로 들어가는 최소 폭이고 줄인 만큼 자본예산이 넓다","duration":2.2829999999999018,"failureMessages":[],"meta":{},"tags":[]},{"ancestorTitles":["useItBudgetApprovalFormPdf"],"fullName":"useItBudgetApprovalFormPdf 구분 순서가 정보화사업 → 전산업무비 → 경상사업이다","status":"passed","title":"구분 순서가 정보화사업 → 전산업무비 → 경상사업이다","duration":3.2342000000001008,"failureMessages":[],"meta":{},"tags":[]},{"ancestorTitles":["useItBudgetApprovalFormPdf"],"fullName":"useItBudgetApprovalFormPdf 같은 구분 안에서는 당해 요청금액 내림차순으로 정렬한다","status":"passed","title":"같은 구분 안에서는 당해 요청금액 내림차순으로 정렬한다","duration":3.57120000000009,"failureMessages":[],"meta":{},"tags":[]},{"ancestorTitles":["useItBudgetApprovalFormPdf"],"fullName":"useItBudgetApprovalFormPdf 전산업무비 상세를 지정된 행 순서와 병합 구조로 표시한다","status":"passed","title":"전산업무비 상세를 지정된 행 순서와 병합 구조로 표시한다","duration":1.1965000000000146,"failureMessages":[],"meta":{},"tags":[]},{"ancestorTitles":["useItBudgetApprovalFormPdf"],"fullName":"useItBudgetApprovalFormPdf 전산업무비 소요예산이 0이어도 금액을 표시한다","status":"passed","title":"전산업무비 소요예산이 0이어도 금액을 표시한다","duration":0.7567999999998847,"failureMessages":[],"meta":{},"tags":[]},{"ancestorTitles":["useItBudgetApprovalFormPdf"],"fullName":"useItBudgetApprovalFormPdf 전산업무비 상세에서 결재현황 행을 표시하지 않는다","status":"passed","title":"전산업무비 상세에서 결재현황 행을 표시하지 않는다","duration":1.4334000000001197,"failureMessages":[],"meta":{},"tags":[]},{"ancestorTitles":["useItBudgetApprovalFormPdf"],"fullName":"useItBudgetApprovalFormPdf 문서 정보를 넘기면 문서번호·신청일자·작성부서를 헤더에 표시한다","status":"passed","title":"문서 정보를 넘기면 문서번호·신청일자·작성부서를 헤더에 표시한다","duration":1.3365000000001146,"failureMessages":[],"meta":{},"tags":[]},{"ancestorTitles":["useItBudgetApprovalFormPdf"],"fullName":"useItBudgetApprovalFormPdf 신청일자에 시각이 붙어 와도 날짜만 표시한다","status":"passed","title":"신청일자에 시각이 붙어 와도 날짜만 표시한다","duration":0.9044000000001233,"failureMessages":[],"meta":{},"tags":[]},{"ancestorTitles":["useItBudgetApprovalFormPdf"],"fullName":"useItBudgetApprovalFormPdf 상신 전 미리보기는 문서 정보 자리에 안내 문구를 표시한다","status":"passed","title":"상신 전 미리보기는 문서 정보 자리에 안내 문구를 표시한다","duration":0.7569999999998345,"failureMessages":[],"meta":{},"tags":[]},{"ancestorTitles":["useItBudgetApprovalFormPdf"],"fullName":"useItBudgetApprovalFormPdf 결재자가 비어 있어도 기안자와 팀장 부점장 칸을 표시한다","status":"passed","title":"결재자가 비어 있어도 기안자와 팀장 부점장 칸을 표시한다","duration":0.7828999999999269,"failureMessages":[],"meta":{},"tags":[]},{"ancestorTitles":["useItBudgetApprovalFormPdf"],"fullName":"useItBudgetApprovalFormPdf 전산예산 신청서 결재란은 역할별로 기안자 팀장 부점장을 표시한다","status":"passed","title":"전산예산 신청서 결재란은 역할별로 기안자 팀장 부점장을 표시한다","duration":0.655100000000175,"failureMessages":[],"meta":{},"tags":[]},{"ancestorTitles":["useItBudgetApprovalFormPdf"],"fullName":"useItBudgetApprovalFormPdf 과거 데이터에 추가 결재자가 있어도 결재란은 기안자 팀장 부점장 3칸으로 고정한다","status":"passed","title":"과거 데이터에 추가 결재자가 있어도 결재란은 기안자 팀장 부점장 3칸으로 고정한다","duration":0.662499999999909,"failureMessages":[],"meta":{},"tags":[]},{"ancestorTitles":["useItBudgetApprovalFormPdf"],"fullName":"useItBudgetApprovalFormPdf 저장된 전산예산 신청서는 스냅샷 날짜보다 신청일자를 기안자의 결재일로 표시한다","status":"passed","title":"저장된 전산예산 신청서는 스냅샷 날짜보다 신청일자를 기안자의 결재일로 표시한다","duration":0.6158000000000357,"failureMessages":[],"meta":{},"tags":[]},{"ancestorTitles":["useItBudgetApprovalFormPdf"],"fullName":"useItBudgetApprovalFormPdf 결재선 표는 본문 회색 표와 달리 파란 계열을 유지한다","status":"passed","title":"결재선 표는 본문 회색 표와 달리 파란 계열을 유지한다","duration":1.100500000000011,"failureMessages":[],"meta":{},"tags":[]},{"ancestorTitles":["useItBudgetApprovalFormPdf"],"fullName":"useItBudgetApprovalFormPdf 사업 구분과 무관하게 타이틀 바 색이 총괄표와 동일하다","status":"passed","title":"사업 구분과 무관하게 타이틀 바 색이 총괄표와 동일하다","duration":2.697300000000041,"failureMessages":[],"meta":{},"tags":[]},{"ancestorTitles":["useItBudgetApprovalFormPdf"],"fullName":"useItBudgetApprovalFormPdf 총괄표·사업·전산업무비 타이틀 바에 pdf.js 목차로 읽히는 책갈피(outline)를 붙인다","status":"passed","title":"총괄표·사업·전산업무비 타이틀 바에 pdf.js 목차로 읽히는 책갈피(outline)를 붙인다","duration":1.9218999999998232,"failureMessages":[],"meta":{},"tags":[]},{"ancestorTitles":["useItBudgetApprovalFormPdf"],"fullName":"useItBudgetApprovalFormPdf 고정 픽스처의 docDefinition 구조와 표시값이 스냅샷과 일치한다 (CQ-04)","status":"passed","title":"고정 픽스처의 docDefinition 구조와 표시값이 스냅샷과 일치한다 (CQ-04)","duration":7.191400000000158,"failureMessages":[],"meta":{},"tags":[]},{"ancestorTitles":["useItBudgetApprovalFormPdf"],"fullName":"useItBudgetApprovalFormPdf v3 정보화·경상사업과 전산업무비 docDefinition이 스냅샷과 일치한다","status":"passed","title":"v3 정보화·경상사업과 전산업무비 docDefinition이 스냅샷과 일치한다","duration":4.737599999999929,"failureMessages":[],"meta":{},"tags":[]}],"startTime":1789467239172,"endTime":1789467239445.7375,"status":"passed","message":"","name":"C:/it/it_frontend/tests/unit/features/approval/forms/itBudget/useItBudgetApprovalFormPdf.test.ts"}]}